Произошла ошибка № 1: 23-08-2019 в 17:35:06
Ошибка: could not find driver
Строка: 11
Файл: C:\OSPanel\domains\store.loc\vendor\app\Db.php
Код ошибки: 0

Произошла ошибка № 2: 23-08-2019 в 17:35:08
Ошибка: could not find driver
Строка: 11
Файл: C:\OSPanel\domains\store.loc\vendor\app\Db.php
Код ошибки: 0

Произошла ошибка № 3: 23-08-2019 в 17:35:14
Ошибка: could not find driver
Строка: 11
Файл: C:\OSPanel\domains\store.loc\vendor\app\Db.php
Код ошибки: 0

Произошла ошибка № 4: 23-08-2019 в 17:35:14
Ошибка: could not find driver
Строка: 11
Файл: C:\OSPanel\domains\store.loc\vendor\app\Db.php
Код ошибки: 0

Произошла ошибка № 5: 23-08-2019 в 17:35:27
Ошибка: could not find driver
Строка: 11
Файл: C:\OSPanel\domains\store.loc\vendor\app\Db.php
Код ошибки: 0

Произошла ошибка № 6: 23-08-2019 в 17:35:28
Ошибка: could not find driver
Строка: 11
Файл: C:\OSPanel\domains\store.loc\vendor\app\Db.php
Код ошибки: 0

Произошла ошибка № 7: 23-08-2019 в 17:58:38
Ошибка: Маршрут не найден
Строка: 70
Файл: C:\OSPanel\domains\store.loc\vendor\app\Router.php
Код ошибки: 500

Произошла ошибка № 8: 23-08-2019 в 17:59:18
Ошибка: Маршрут не найден
Строка: 70
Файл: C:\OSPanel\domains\store.loc\vendor\app\Router.php
Код ошибки: 500

Произошла ошибка № 9: 23-08-2019 в 17:59:29
Ошибка: SQLSTATE[HY000] [1045] Access denied for user ''@'localhost' (using password: NO)
Строка: 13
Файл: C:\OSPanel\domains\store.loc\vendor\app\Db.php
Код ошибки: 1045

Произошла ошибка № 10: 23-08-2019 в 17:59:29
Ошибка: SQLSTATE[HY000] [1045] Access denied for user ''@'localhost' (using password: NO)
Строка: 13
Файл: C:\OSPanel\domains\store.loc\vendor\app\Db.php
Код ошибки: 1045

Произошла ошибка № 11: 23-08-2019 в 17:59:54
Ошибка: Маршрут не найден
Строка: 70
Файл: C:\OSPanel\domains\store.loc\vendor\app\Router.php
Код ошибки: 500

Произошла ошибка № 12: 23-08-2019 в 18:41:21
Ошибка: Маршрут не найден
Строка: 70
Файл: C:\OSPanel\domains\store.loc\vendor\app\Router.php
Код ошибки: 500

Произошла ошибка № 13: 23-08-2019 в 18:43:26
Ошибка: Маршрут не найден
Строка: 70
Файл: C:\OSPanel\domains\store.loc\vendor\app\Router.php
Код ошибки: 500

Произошла ошибка № 14: 23-08-2019 в 18:44:40
Ошибка: SQLSTATE[42000]: Syntax error or access violation: 1064 You have an error in your SQL syntax; check the manual that corresponds to your MySQL server version for the right syntax to use near '* FROM product' at line 1
Строка: 26
Файл: C:\OSPanel\domains\store.loc\vendor\app\Db.php
Код ошибки: 42000

Произошла ошибка № 15: 23-08-2019 в 18:44:43
Ошибка: Маршрут не найден
Строка: 70
Файл: C:\OSPanel\domains\store.loc\vendor\app\Router.php
Код ошибки: 500

Произошла ошибка № 16: 23-08-2019 в 18:46:22
Ошибка: SQLSTATE[42000]: Syntax error or access violation: 1064 You have an error in your SQL syntax; check the manual that corresponds to your MySQL server version for the right syntax to use near '* FROM product' at line 1
Строка: 26
Файл: C:\OSPanel\domains\store.loc\vendor\app\Db.php
Код ошибки: 42000

Произошла ошибка № 17: 23-08-2019 в 18:46:25
Ошибка: Маршрут не найден
Строка: 70
Файл: C:\OSPanel\domains\store.loc\vendor\app\Router.php
Код ошибки: 500

Произошла ошибка № 18: 23-08-2019 в 18:46:59
Ошибка: SQLSTATE[42000]: Syntax error or access violation: 1064 You have an error in your SQL syntax; check the manual that corresponds to your MySQL server version for the right syntax to use near '* FROM product' at line 1
Строка: 26
Файл: C:\OSPanel\domains\store.loc\vendor\app\Db.php
Код ошибки: 42000

Произошла ошибка № 19: 23-08-2019 в 18:47:03
Ошибка: Маршрут не найден
Строка: 70
Файл: C:\OSPanel\domains\store.loc\vendor\app\Router.php
Код ошибки: 500

Произошла ошибка № 20: 23-08-2019 в 18:47:32
Ошибка: Маршрут не найден
Строка: 70
Файл: C:\OSPanel\domains\store.loc\vendor\app\Router.php
Код ошибки: 500

Произошла ошибка № 21: 23-08-2019 в 18:51:18
Ошибка: Call to undefined method store\Db::fethcAll()
Строка: 16
Файл: C:\OSPanel\domains\store.loc\vendor\app\App.php
Код ошибки: 0

Произошла ошибка № 22: 23-08-2019 в 18:51:22
Ошибка: Маршрут не найден
Строка: 70
Файл: C:\OSPanel\domains\store.loc\vendor\app\Router.php
Код ошибки: 500

Произошла ошибка № 23: 23-08-2019 в 18:51:55
Ошибка: Call to undefined method store\Db::fethcAll()
Строка: 16
Файл: C:\OSPanel\domains\store.loc\vendor\app\App.php
Код ошибки: 0

Произошла ошибка № 24: 23-08-2019 в 18:51:58
Ошибка: Маршрут не найден
Строка: 70
Файл: C:\OSPanel\domains\store.loc\vendor\app\Router.php
Код ошибки: 500

Произошла ошибка № 25: 23-08-2019 в 18:52:49
Ошибка: Маршрут не найден
Строка: 70
Файл: C:\OSPanel\domains\store.loc\vendor\app\Router.php
Код ошибки: 500

Произошла ошибка № 26: 23-08-2019 в 18:54:26
Ошибка: Маршрут не найден
Строка: 70
Файл: C:\OSPanel\domains\store.loc\vendor\app\Router.php
Код ошибки: 500

Произошла ошибка № 27: 23-08-2019 в 19:03:52
Ошибка: Маршрут не найден
Строка: 70
Файл: C:\OSPanel\domains\store.loc\vendor\app\Router.php
Код ошибки: 500

Произошла ошибка № 28: 23-08-2019 в 19:04:45
Ошибка: Маршрут не найден
Строка: 70
Файл: C:\OSPanel\domains\store.loc\vendor\app\Router.php
Код ошибки: 500

Произошла ошибка № 29: 23-08-2019 в 19:07:14
Ошибка: Call to a member function query() on null
Строка: 50
Файл: C:\OSPanel\domains\store.loc\vendor\app\Db.php
Код ошибки: 0

Произошла ошибка № 30: 23-08-2019 в 19:07:17
Ошибка: Маршрут не найден
Строка: 70
Файл: C:\OSPanel\domains\store.loc\vendor\app\Router.php
Код ошибки: 500

Произошла ошибка № 31: 23-08-2019 в 19:07:37
Ошибка: Маршрут не найден
Строка: 70
Файл: C:\OSPanel\domains\store.loc\vendor\app\Router.php
Код ошибки: 500

Произошла ошибка № 32: 23-08-2019 в 19:22:33
Ошибка: SQLSTATE[42000]: Syntax error or access violation: 1064 You have an error in your SQL syntax; check the manual that corresponds to your MySQL server version for the right syntax to use near '(id,name) VALUES (,)' at line 1
Строка: 73
Файл: C:\OSPanel\domains\store.loc\vendor\app\Db.php
Код ошибки: 42000

Произошла ошибка № 33: 23-08-2019 в 19:22:35
Ошибка: Маршрут не найден
Строка: 70
Файл: C:\OSPanel\domains\store.loc\vendor\app\Router.php
Код ошибки: 500

Произошла ошибка № 34: 23-08-2019 в 19:23:09
Ошибка: SQLSTATE[42000]: Syntax error or access violation: 1064 You have an error in your SQL syntax; check the manual that corresponds to your MySQL server version for the right syntax to use near '(id,name) VALUES ()' at line 1
Строка: 73
Файл: C:\OSPanel\domains\store.loc\vendor\app\Db.php
Код ошибки: 42000

Произошла ошибка № 35: 23-08-2019 в 19:23:12
Ошибка: Маршрут не найден
Строка: 70
Файл: C:\OSPanel\domains\store.loc\vendor\app\Router.php
Код ошибки: 500

Произошла ошибка № 36: 23-08-2019 в 19:30:40
Ошибка: syntax error, unexpected ';'
Строка: 73
Файл: C:\OSPanel\domains\store.loc\vendor\app\Db.php
Код ошибки: 0

Произошла ошибка № 37: 23-08-2019 в 19:30:41
Ошибка: syntax error, unexpected ';'
Строка: 73
Файл: C:\OSPanel\domains\store.loc\vendor\app\Db.php
Код ошибки: 0

Произошла ошибка № 38: 23-08-2019 в 19:32:11
Ошибка: SQLSTATE[42000]: Syntax error or access violation: 1064 You have an error in your SQL syntax; check the manual that corresponds to your MySQL server version for the right syntax to use near '(id,name) VALUES ()' at line 1
Строка: 73
Файл: C:\OSPanel\domains\store.loc\vendor\app\Db.php
Код ошибки: 42000

Произошла ошибка № 39: 23-08-2019 в 19:32:15
Ошибка: Маршрут не найден
Строка: 70
Файл: C:\OSPanel\domains\store.loc\vendor\app\Router.php
Код ошибки: 500

Произошла ошибка № 40: 23-08-2019 в 19:32:57
Ошибка: SQLSTATE[42000]: Syntax error or access violation: 1064 You have an error in your SQL syntax; check the manual that corresponds to your MySQL server version for the right syntax to use near '(id,name) VALUES ()' at line 1
Строка: 73
Файл: C:\OSPanel\domains\store.loc\vendor\app\Db.php
Код ошибки: 42000

Произошла ошибка № 41: 23-08-2019 в 19:33:00
Ошибка: Маршрут не найден
Строка: 70
Файл: C:\OSPanel\domains\store.loc\vendor\app\Router.php
Код ошибки: 500

Произошла ошибка № 42: 23-08-2019 в 19:33:42
Ошибка: SQLSTATE[42000]: Syntax error or access violation: 1064 You have an error in your SQL syntax; check the manual that corresponds to your MySQL server version for the right syntax to use near '(id,name) VALUES ()' at line 1
Строка: 73
Файл: C:\OSPanel\domains\store.loc\vendor\app\Db.php
Код ошибки: 42000

Произошла ошибка № 43: 23-08-2019 в 19:33:45
Ошибка: Маршрут не найден
Строка: 70
Файл: C:\OSPanel\domains\store.loc\vendor\app\Router.php
Код ошибки: 500

Произошла ошибка № 44: 23-08-2019 в 19:34:07
Ошибка: SQLSTATE[42000]: Syntax error or access violation: 1064 You have an error in your SQL syntax; check the manual that corresponds to your MySQL server version for the right syntax to use near '(id,name) VALUES (NULL,'test')' at line 1
Строка: 73
Файл: C:\OSPanel\domains\store.loc\vendor\app\Db.php
Код ошибки: 42000

Произошла ошибка № 45: 23-08-2019 в 19:34:09
Ошибка: Маршрут не найден
Строка: 70
Файл: C:\OSPanel\domains\store.loc\vendor\app\Router.php
Код ошибки: 500

Произошла ошибка № 46: 23-08-2019 в 19:34:25
Ошибка: SQLSTATE[42000]: Syntax error or access violation: 1064 You have an error in your SQL syntax; check the manual that corresponds to your MySQL server version for the right syntax to use near '(id,name) VALUES (NULL,'test')' at line 1
Строка: 73
Файл: C:\OSPanel\domains\store.loc\vendor\app\Db.php
Код ошибки: 42000

Произошла ошибка № 47: 23-08-2019 в 19:34:28
Ошибка: Маршрут не найден
Строка: 70
Файл: C:\OSPanel\domains\store.loc\vendor\app\Router.php
Код ошибки: 500

Произошла ошибка № 48: 23-08-2019 в 19:35:46
Ошибка: Маршрут не найден
Строка: 70
Файл: C:\OSPanel\domains\store.loc\vendor\app\Router.php
Код ошибки: 500

Произошла ошибка № 49: 23-08-2019 в 19:45:07
Ошибка: Маршрут не найден
Строка: 70
Файл: C:\OSPanel\domains\store.loc\vendor\app\Router.php
Код ошибки: 500

Произошла ошибка № 50: 23-08-2019 в 19:45:37
Ошибка: Маршрут не найден
Строка: 70
Файл: C:\OSPanel\domains\store.loc\vendor\app\Router.php
Код ошибки: 500

Произошла ошибка № 51: 23-08-2019 в 19:46:41
Ошибка: Маршрут не найден
Строка: 70
Файл: C:\OSPanel\domains\store.loc\vendor\app\Router.php
Код ошибки: 500

Произошла ошибка № 52: 23-08-2019 в 19:47:35
Ошибка: Маршрут не найден
Строка: 70
Файл: C:\OSPanel\domains\store.loc\vendor\app\Router.php
Код ошибки: 500

Произошла ошибка № 53: 23-08-2019 в 19:47:51
Ошибка: Маршрут не найден
Строка: 70
Файл: C:\OSPanel\domains\store.loc\vendor\app\Router.php
Код ошибки: 500

Произошла ошибка № 54: 23-08-2019 в 19:48:12
Ошибка: Маршрут не найден
Строка: 70
Файл: C:\OSPanel\domains\store.loc\vendor\app\Router.php
Код ошибки: 500

Произошла ошибка № 55: 23-08-2019 в 19:48:59
Ошибка: Маршрут не найден
Строка: 70
Файл: C:\OSPanel\domains\store.loc\vendor\app\Router.php
Код ошибки: 500

Произошла ошибка № 56: 23-08-2019 в 19:49:47
Ошибка: Маршрут не найден
Строка: 70
Файл: C:\OSPanel\domains\store.loc\vendor\app\Router.php
Код ошибки: 500

Произошла ошибка № 57: 23-08-2019 в 20:41:36
Ошибка: Маршрут не найден
Строка: 70
Файл: C:\OSPanel\domains\store.loc\vendor\app\Router.php
Код ошибки: 500

Произошла ошибка № 58: 24-08-2019 в 11:03:43
Ошибка: Маршрут не найден
Строка: 70
Файл: C:\OSPanel\domains\store.loc\vendor\app\Router.php
Код ошибки: 500

Произошла ошибка № 59: 24-08-2019 в 11:04:15
Ошибка: Маршрут не найден
Строка: 70
Файл: C:\OSPanel\domains\store.loc\vendor\app\Router.php
Код ошибки: 500

Произошла ошибка № 60: 24-08-2019 в 11:14:28
Ошибка: SQLSTATE[HY000] [1045] Access denied for user ''@'localhost' (using password: NO)
Строка: 19
Файл: C:\OSPanel\domains\store.loc\vendor\app\Db.php
Код ошибки: 1045

Произошла ошибка № 61: 24-08-2019 в 11:14:28
Ошибка: SQLSTATE[HY000] [1045] Access denied for user ''@'localhost' (using password: NO)
Строка: 19
Файл: C:\OSPanel\domains\store.loc\vendor\app\Db.php
Код ошибки: 1045

Произошла ошибка № 62: 24-08-2019 в 11:32:03
Ошибка: Маршрут не найден
Строка: 70
Файл: C:\OSPanel\domains\store.loc\vendor\app\Router.php
Код ошибки: 500

Произошла ошибка № 63: 24-08-2019 в 11:32:24
Ошибка: Маршрут не найден
Строка: 70
Файл: C:\OSPanel\domains\store.loc\vendor\app\Router.php
Код ошибки: 500

Произошла ошибка № 64: 24-08-2019 в 11:33:22
Ошибка: Маршрут не найден
Строка: 70
Файл: C:\OSPanel\domains\store.loc\vendor\app\Router.php
Код ошибки: 500

Произошла ошибка № 65: 24-08-2019 в 11:34:01
Ошибка: Маршрут не найден
Строка: 70
Файл: C:\OSPanel\domains\store.loc\vendor\app\Router.php
Код ошибки: 500

Произошла ошибка № 66: 24-08-2019 в 11:34:52
Ошибка: Маршрут не найден
Строка: 70
Файл: C:\OSPanel\domains\store.loc\vendor\app\Router.php
Код ошибки: 500

Произошла ошибка № 67: 24-08-2019 в 11:35:27
Ошибка: Маршрут не найден
Строка: 70
Файл: C:\OSPanel\domains\store.loc\vendor\app\Router.php
Код ошибки: 500

Произошла ошибка № 68: 24-08-2019 в 11:35:53
Ошибка: Маршрут не найден
Строка: 70
Файл: C:\OSPanel\domains\store.loc\vendor\app\Router.php
Код ошибки: 500

Произошла ошибка № 69: 24-08-2019 в 11:36:36
Ошибка: Маршрут не найден
Строка: 70
Файл: C:\OSPanel\domains\store.loc\vendor\app\Router.php
Код ошибки: 500

Произошла ошибка № 70: 24-08-2019 в 11:37:03
Ошибка: Маршрут не найден
Строка: 70
Файл: C:\OSPanel\domains\store.loc\vendor\app\Router.php
Код ошибки: 500

Произошла ошибка № 71: 24-08-2019 в 11:37:12
Ошибка: Маршрут не найден
Строка: 70
Файл: C:\OSPanel\domains\store.loc\vendor\app\Router.php
Код ошибки: 500

Произошла ошибка № 72: 24-08-2019 в 11:37:22
Ошибка: Маршрут не найден
Строка: 70
Файл: C:\OSPanel\domains\store.loc\vendor\app\Router.php
Код ошибки: 500

Произошла ошибка № 73: 24-08-2019 в 11:37:55
Ошибка: Маршрут не найден
Строка: 70
Файл: C:\OSPanel\domains\store.loc\vendor\app\Router.php
Код ошибки: 500

Произошла ошибка № 74: 24-08-2019 в 11:38:47
Ошибка: Маршрут не найден
Строка: 70
Файл: C:\OSPanel\domains\store.loc\vendor\app\Router.php
Код ошибки: 500

Произошла ошибка № 75: 24-08-2019 в 11:41:03
Ошибка: SQLSTATE[HY093]: Invalid parameter number: parameter was not defined
Строка: 49
Файл: C:\OSPanel\domains\store.loc\vendor\app\Db.php
Код ошибки: HY093

Произошла ошибка № 76: 24-08-2019 в 11:54:24
Ошибка: Call to a member function exec() on null
Строка: 51
Файл: C:\OSPanel\domains\store.loc\vendor\app\Db.php
Код ошибки: 0

Произошла ошибка № 77: 24-08-2019 в 11:54:25
Ошибка: Call to a member function exec() on null
Строка: 51
Файл: C:\OSPanel\domains\store.loc\vendor\app\Db.php
Код ошибки: 0

Произошла ошибка № 78: 24-08-2019 в 11:55:57
Ошибка: Call to a member function exec() on null
Строка: 52
Файл: C:\OSPanel\domains\store.loc\vendor\app\Db.php
Код ошибки: 0

Произошла ошибка № 79: 24-08-2019 в 11:55:58
Ошибка: Call to a member function exec() on null
Строка: 52
Файл: C:\OSPanel\domains\store.loc\vendor\app\Db.php
Код ошибки: 0

Произошла ошибка № 80: 24-08-2019 в 11:57:09
Ошибка: SQLSTATE[HY000]: General error: 2014 Cannot execute queries while other unbuffered queries are active.  Consider using PDOStatement::fetchAll().  Alternatively, if your code is only ever going to run against mysql, you may enable query buffering by setting the PDO::MYSQL_ATTR_USE_BUFFERED_QUERY attribute.
Строка: 52
Файл: C:\OSPanel\domains\store.loc\vendor\app\Db.php
Код ошибки: HY000

Произошла ошибка № 81: 24-08-2019 в 11:57:09
Ошибка: SQLSTATE[HY000]: General error: 2014 Cannot execute queries while other unbuffered queries are active.  Consider using PDOStatement::fetchAll().  Alternatively, if your code is only ever going to run against mysql, you may enable query buffering by setting the PDO::MYSQL_ATTR_USE_BUFFERED_QUERY attribute.
Строка: 52
Файл: C:\OSPanel\domains\store.loc\vendor\app\Db.php
Код ошибки: HY000

Произошла ошибка № 82: 24-08-2019 в 11:57:36
Ошибка: SQLSTATE[HY000]: General error: 2014 Cannot execute queries while other unbuffered queries are active.  Consider using PDOStatement::fetchAll().  Alternatively, if your code is only ever going to run against mysql, you may enable query buffering by setting the PDO::MYSQL_ATTR_USE_BUFFERED_QUERY attribute.
Строка: 52
Файл: C:\OSPanel\domains\store.loc\vendor\app\Db.php
Код ошибки: HY000

Произошла ошибка № 83: 24-08-2019 в 11:57:37
Ошибка: SQLSTATE[HY000]: General error: 2014 Cannot execute queries while other unbuffered queries are active.  Consider using PDOStatement::fetchAll().  Alternatively, if your code is only ever going to run against mysql, you may enable query buffering by setting the PDO::MYSQL_ATTR_USE_BUFFERED_QUERY attribute.
Строка: 52
Файл: C:\OSPanel\domains\store.loc\vendor\app\Db.php
Код ошибки: HY000

Произошла ошибка № 84: 24-08-2019 в 11:58:10
Ошибка: Маршрут не найден
Строка: 70
Файл: C:\OSPanel\domains\store.loc\vendor\app\Router.php
Код ошибки: 500

Произошла ошибка № 85: 24-08-2019 в 11:58:52
Ошибка: Маршрут не найден
Строка: 70
Файл: C:\OSPanel\domains\store.loc\vendor\app\Router.php
Код ошибки: 500

Произошла ошибка № 86: 24-08-2019 в 11:59:26
Ошибка: SQLSTATE[HY000]: General error: 2014 Cannot execute queries while other unbuffered queries are active.  Consider using PDOStatement::fetchAll().  Alternatively, if your code is only ever going to run against mysql, you may enable query buffering by setting the PDO::MYSQL_ATTR_USE_BUFFERED_QUERY attribute.
Строка: 52
Файл: C:\OSPanel\domains\store.loc\vendor\app\Db.php
Код ошибки: HY000

Произошла ошибка № 87: 24-08-2019 в 11:59:28
Ошибка: SQLSTATE[HY000]: General error: 2014 Cannot execute queries while other unbuffered queries are active.  Consider using PDOStatement::fetchAll().  Alternatively, if your code is only ever going to run against mysql, you may enable query buffering by setting the PDO::MYSQL_ATTR_USE_BUFFERED_QUERY attribute.
Строка: 52
Файл: C:\OSPanel\domains\store.loc\vendor\app\Db.php
Код ошибки: HY000

Произошла ошибка № 88: 24-08-2019 в 12:00:56
Ошибка: SQLSTATE[HY000]: General error: 2014 Cannot execute queries while other unbuffered queries are active.  Consider using PDOStatement::fetchAll().  Alternatively, if your code is only ever going to run against mysql, you may enable query buffering by setting the PDO::MYSQL_ATTR_USE_BUFFERED_QUERY attribute.
Строка: 44
Файл: C:\OSPanel\domains\store.loc\vendor\app\Db.php
Код ошибки: HY000

Произошла ошибка № 89: 24-08-2019 в 12:00:57
Ошибка: SQLSTATE[HY000]: General error: 2014 Cannot execute queries while other unbuffered queries are active.  Consider using PDOStatement::fetchAll().  Alternatively, if your code is only ever going to run against mysql, you may enable query buffering by setting the PDO::MYSQL_ATTR_USE_BUFFERED_QUERY attribute.
Строка: 44
Файл: C:\OSPanel\domains\store.loc\vendor\app\Db.php
Код ошибки: HY000

Произошла ошибка № 90: 24-08-2019 в 12:01:19
Ошибка: Маршрут не найден
Строка: 70
Файл: C:\OSPanel\domains\store.loc\vendor\app\Router.php
Код ошибки: 500

Произошла ошибка № 91: 24-08-2019 в 12:01:26
Ошибка: SQLSTATE[HY000]: General error: 2014 Cannot execute queries while other unbuffered queries are active.  Consider using PDOStatement::fetchAll().  Alternatively, if your code is only ever going to run against mysql, you may enable query buffering by setting the PDO::MYSQL_ATTR_USE_BUFFERED_QUERY attribute.
Строка: 44
Файл: C:\OSPanel\domains\store.loc\vendor\app\Db.php
Код ошибки: HY000

Произошла ошибка № 92: 24-08-2019 в 12:01:27
Ошибка: SQLSTATE[HY000]: General error: 2014 Cannot execute queries while other unbuffered queries are active.  Consider using PDOStatement::fetchAll().  Alternatively, if your code is only ever going to run against mysql, you may enable query buffering by setting the PDO::MYSQL_ATTR_USE_BUFFERED_QUERY attribute.
Строка: 44
Файл: C:\OSPanel\domains\store.loc\vendor\app\Db.php
Код ошибки: HY000

Произошла ошибка № 93: 24-08-2019 в 12:01:50
Ошибка: Маршрут не найден
Строка: 70
Файл: C:\OSPanel\domains\store.loc\vendor\app\Router.php
Код ошибки: 500

Произошла ошибка № 94: 24-08-2019 в 12:02:45
Ошибка: Маршрут не найден
Строка: 70
Файл: C:\OSPanel\domains\store.loc\vendor\app\Router.php
Код ошибки: 500

Произошла ошибка № 95: 24-08-2019 в 12:06:08
Ошибка: Маршрут не найден
Строка: 70
Файл: C:\OSPanel\domains\store.loc\vendor\app\Router.php
Код ошибки: 500

Произошла ошибка № 96: 24-08-2019 в 12:06:19
Ошибка: Маршрут не найден
Строка: 70
Файл: C:\OSPanel\domains\store.loc\vendor\app\Router.php
Код ошибки: 500

Произошла ошибка № 97: 24-08-2019 в 12:08:18
Ошибка: Маршрут не найден
Строка: 70
Файл: C:\OSPanel\domains\store.loc\vendor\app\Router.php
Код ошибки: 500

Произошла ошибка № 98: 24-08-2019 в 12:31:20
Ошибка: Маршрут не найден
Строка: 70
Файл: C:\OSPanel\domains\store.loc\vendor\app\Router.php
Код ошибки: 500

Произошла ошибка № 99: 24-08-2019 в 12:33:36
Ошибка: Маршрут не найден
Строка: 70
Файл: C:\OSPanel\domains\store.loc\vendor\app\Router.php
Код ошибки: 500

Произошла ошибка № 100: 24-08-2019 в 12:34:28
Ошибка: Маршрут не найден
Строка: 70
Файл: C:\OSPanel\domains\store.loc\vendor\app\Router.php
Код ошибки: 500

Произошла ошибка № 101: 24-08-2019 в 12:36:19
Ошибка: Маршрут не найден
Строка: 70
Файл: C:\OSPanel\domains\store.loc\vendor\app\Router.php
Код ошибки: 500

Произошла ошибка № 102: 24-08-2019 в 12:36:30
Ошибка: Маршрут не найден
Строка: 70
Файл: C:\OSPanel\domains\store.loc\vendor\app\Router.php
Код ошибки: 500

Произошла ошибка № 103: 24-08-2019 в 17:23:24
Ошибка: Маршрут не найден
Строка: 70
Файл: C:\OSPanel\domains\store.loc\vendor\app\Router.php
Код ошибки: 500

Произошла ошибка № 104: 24-08-2019 в 17:24:20
Ошибка: Маршрут не найден
Строка: 70
Файл: C:\OSPanel\domains\store.loc\vendor\app\Router.php
Код ошибки: 500

Произошла ошибка № 105: 24-08-2019 в 17:24:33
Ошибка: Маршрут не найден
Строка: 70
Файл: C:\OSPanel\domains\store.loc\vendor\app\Router.php
Код ошибки: 500

Произошла ошибка № 106: 24-08-2019 в 17:25:06
Ошибка: Маршрут не найден
Строка: 70
Файл: C:\OSPanel\domains\store.loc\vendor\app\Router.php
Код ошибки: 500

Произошла ошибка № 107: 24-08-2019 в 17:25:56
Ошибка: Too few arguments to function store\Db::execute(), 1 passed in C:\OSPanel\domains\store.loc\vendor\app\base\Model.php on line 57 and exactly 2 expected
Строка: 36
Файл: C:\OSPanel\domains\store.loc\vendor\app\Db.php
Код ошибки: 0

Произошла ошибка № 108: 24-08-2019 в 17:25:57
Ошибка: Маршрут не найден
Строка: 70
Файл: C:\OSPanel\domains\store.loc\vendor\app\Router.php
Код ошибки: 500

Произошла ошибка № 109: 24-08-2019 в 17:26:59
Ошибка: Маршрут не найден
Строка: 70
Файл: C:\OSPanel\domains\store.loc\vendor\app\Router.php
Код ошибки: 500

Произошла ошибка № 110: 24-08-2019 в 17:27:27
Ошибка: Маршрут не найден
Строка: 70
Файл: C:\OSPanel\domains\store.loc\vendor\app\Router.php
Код ошибки: 500

Произошла ошибка № 111: 24-08-2019 в 17:33:25
Ошибка: Class 'widgets\Currency' not found
Строка: 13
Файл: C:\OSPanel\domains\store.loc\vendor\app\App.php
Код ошибки: 0

Произошла ошибка № 112: 24-08-2019 в 17:33:26
Ошибка: Class 'widgets\Currency' not found
Строка: 13
Файл: C:\OSPanel\domains\store.loc\vendor\app\App.php
Код ошибки: 0

Произошла ошибка № 113: 24-08-2019 в 17:33:56
Ошибка: Маршрут не найден
Строка: 70
Файл: C:\OSPanel\domains\store.loc\vendor\app\Router.php
Код ошибки: 500

Произошла ошибка № 114: 24-08-2019 в 17:37:21
Ошибка: Маршрут не найден
Строка: 70
Файл: C:\OSPanel\domains\store.loc\vendor\app\Router.php
Код ошибки: 500

Произошла ошибка № 115: 24-08-2019 в 17:38:18
Ошибка: Маршрут не найден
Строка: 70
Файл: C:\OSPanel\domains\store.loc\vendor\app\Router.php
Код ошибки: 500

Произошла ошибка № 116: 24-08-2019 в 17:38:26
Ошибка: Маршрут не найден
Строка: 70
Файл: C:\OSPanel\domains\store.loc\vendor\app\Router.php
Код ошибки: 500

Произошла ошибка № 117: 24-08-2019 в 17:38:45
Ошибка: Маршрут не найден
Строка: 70
Файл: C:\OSPanel\domains\store.loc\vendor\app\Router.php
Код ошибки: 500

Произошла ошибка № 118: 24-08-2019 в 17:45:21
Ошибка: Маршрут не найден
Строка: 70
Файл: C:\OSPanel\domains\store.loc\vendor\app\Router.php
Код ошибки: 500

Произошла ошибка № 119: 24-08-2019 в 17:50:06
Ошибка: Маршрут не найден
Строка: 70
Файл: C:\OSPanel\domains\store.loc\vendor\app\Router.php
Код ошибки: 500

Произошла ошибка № 120: 24-08-2019 в 17:50:25
Ошибка: Маршрут не найден
Строка: 70
Файл: C:\OSPanel\domains\store.loc\vendor\app\Router.php
Код ошибки: 500

Произошла ошибка № 121: 24-08-2019 в 17:50:34
Ошибка: Маршрут не найден
Строка: 70
Файл: C:\OSPanel\domains\store.loc\vendor\app\Router.php
Код ошибки: 500

Произошла ошибка № 122: 24-08-2019 в 19:06:41
Ошибка: Маршрут не найден
Строка: 70
Файл: C:\OSPanel\domains\store.loc\vendor\app\Router.php
Код ошибки: 500

Произошла ошибка № 123: 24-08-2019 в 20:19:31
Ошибка: Too few arguments to function widgets\currency\Currency::getCurrentCurrency(), 0 passed in C:\OSPanel\domains\store.loc\widgets\currency\Currency.php on line 17 and exactly 1 expected
Строка: 42
Файл: C:\OSPanel\domains\store.loc\widgets\currency\Currency.php
Код ошибки: 0

Произошла ошибка № 124: 24-08-2019 в 20:22:31
Ошибка: Маршрут не найден
Строка: 70
Файл: C:\OSPanel\domains\store.loc\vendor\app\Router.php
Код ошибки: 500

Произошла ошибка № 125: 24-08-2019 в 20:28:38
Ошибка: Маршрут не найден
Строка: 70
Файл: C:\OSPanel\domains\store.loc\vendor\app\Router.php
Код ошибки: 500

Произошла ошибка № 126: 24-08-2019 в 20:29:19
Ошибка: Маршрут не найден
Строка: 70
Файл: C:\OSPanel\domains\store.loc\vendor\app\Router.php
Код ошибки: 500

Произошла ошибка № 127: 24-08-2019 в 20:29:48
Ошибка: Маршрут не найден
Строка: 70
Файл: C:\OSPanel\domains\store.loc\vendor\app\Router.php
Код ошибки: 500

Произошла ошибка № 128: 24-08-2019 в 20:29:59
Ошибка: Маршрут не найден
Строка: 70
Файл: C:\OSPanel\domains\store.loc\vendor\app\Router.php
Код ошибки: 500

Произошла ошибка № 129: 24-08-2019 в 20:31:04
Ошибка: Маршрут не найден
Строка: 70
Файл: C:\OSPanel\domains\store.loc\vendor\app\Router.php
Код ошибки: 500

Произошла ошибка № 130: 24-08-2019 в 20:31:32
Ошибка: Маршрут не найден
Строка: 70
Файл: C:\OSPanel\domains\store.loc\vendor\app\Router.php
Код ошибки: 500

Произошла ошибка № 131: 24-08-2019 в 20:31:56
Ошибка: Маршрут не найден
Строка: 70
Файл: C:\OSPanel\domains\store.loc\vendor\app\Router.php
Код ошибки: 500

Произошла ошибка № 132: 24-08-2019 в 20:33:47
Ошибка: Маршрут не найден
Строка: 70
Файл: C:\OSPanel\domains\store.loc\vendor\app\Router.php
Код ошибки: 500

Произошла ошибка № 133: 24-08-2019 в 20:34:15
Ошибка: Маршрут не найден
Строка: 70
Файл: C:\OSPanel\domains\store.loc\vendor\app\Router.php
Код ошибки: 500

Произошла ошибка № 134: 24-08-2019 в 20:34:26
Ошибка: Маршрут не найден
Строка: 70
Файл: C:\OSPanel\domains\store.loc\vendor\app\Router.php
Код ошибки: 500

Произошла ошибка № 135: 24-08-2019 в 20:34:41
Ошибка: Маршрут не найден
Строка: 70
Файл: C:\OSPanel\domains\store.loc\vendor\app\Router.php
Код ошибки: 500

Произошла ошибка № 136: 24-08-2019 в 20:34:48
Ошибка: Маршрут не найден
Строка: 70
Файл: C:\OSPanel\domains\store.loc\vendor\app\Router.php
Код ошибки: 500

Произошла ошибка № 137: 24-08-2019 в 20:35:15
Ошибка: Маршрут не найден
Строка: 70
Файл: C:\OSPanel\domains\store.loc\vendor\app\Router.php
Код ошибки: 500

Произошла ошибка № 138: 24-08-2019 в 20:35:37
Ошибка: Маршрут не найден
Строка: 71
Файл: C:\OSPanel\domains\store.loc\vendor\app\Router.php
Код ошибки: 500

Произошла ошибка № 139: 24-08-2019 в 20:36:12
Ошибка: Маршрут не найден
Строка: 70
Файл: C:\OSPanel\domains\store.loc\vendor\app\Router.php
Код ошибки: 500

Произошла ошибка № 140: 24-08-2019 в 20:37:46
Ошибка: Маршрут не найден
Строка: 70
Файл: C:\OSPanel\domains\store.loc\vendor\app\Router.php
Код ошибки: 500

Произошла ошибка № 141: 25-08-2019 в 09:57:30
Ошибка: Маршрут не найден
Строка: 70
Файл: C:\OSPanel\domains\store.loc\vendor\app\Router.php
Код ошибки: 500

Произошла ошибка № 142: 25-08-2019 в 10:00:40
Ошибка: Маршрут не найден
Строка: 70
Файл: C:\OSPanel\domains\store.loc\vendor\app\Router.php
Код ошибки: 500

Произошла ошибка № 143: 25-08-2019 в 10:01:00
Ошибка: Маршрут не найден
Строка: 70
Файл: C:\OSPanel\domains\store.loc\vendor\app\Router.php
Код ошибки: 500

Произошла ошибка № 144: 25-08-2019 в 10:03:51
Ошибка: Маршрут не найден
Строка: 70
Файл: C:\OSPanel\domains\store.loc\vendor\app\Router.php
Код ошибки: 500

Произошла ошибка № 145: 25-08-2019 в 10:05:39
Ошибка: Маршрут не найден
Строка: 70
Файл: C:\OSPanel\domains\store.loc\vendor\app\Router.php
Код ошибки: 500

Произошла ошибка № 146: 25-08-2019 в 10:05:40
Ошибка: Маршрут не найден
Строка: 70
Файл: C:\OSPanel\domains\store.loc\vendor\app\Router.php
Код ошибки: 500

Произошла ошибка № 147: 25-08-2019 в 10:06:44
Ошибка: Маршрут не найден
Строка: 70
Файл: C:\OSPanel\domains\store.loc\vendor\app\Router.php
Код ошибки: 500

Произошла ошибка № 148: 25-08-2019 в 10:06:45
Ошибка: Маршрут не найден
Строка: 70
Файл: C:\OSPanel\domains\store.loc\vendor\app\Router.php
Код ошибки: 500

Произошла ошибка № 149: 25-08-2019 в 10:07:00
Ошибка: Маршрут не найден
Строка: 70
Файл: C:\OSPanel\domains\store.loc\vendor\app\Router.php
Код ошибки: 500

Произошла ошибка № 150: 25-08-2019 в 10:07:01
Ошибка: Маршрут не найден
Строка: 70
Файл: C:\OSPanel\domains\store.loc\vendor\app\Router.php
Код ошибки: 500

Произошла ошибка № 151: 25-08-2019 в 10:07:09
Ошибка: Маршрут не найден
Строка: 70
Файл: C:\OSPanel\domains\store.loc\vendor\app\Router.php
Код ошибки: 500

Произошла ошибка № 152: 25-08-2019 в 10:07:09
Ошибка: Маршрут не найден
Строка: 70
Файл: C:\OSPanel\domains\store.loc\vendor\app\Router.php
Код ошибки: 500

Произошла ошибка № 153: 25-08-2019 в 10:08:04
Ошибка: Маршрут не найден
Строка: 70
Файл: C:\OSPanel\domains\store.loc\vendor\app\Router.php
Код ошибки: 500

Произошла ошибка № 154: 25-08-2019 в 10:08:04
Ошибка: Маршрут не найден
Строка: 70
Файл: C:\OSPanel\domains\store.loc\vendor\app\Router.php
Код ошибки: 500

Произошла ошибка № 155: 25-08-2019 в 10:08:04
Ошибка: Маршрут не найден
Строка: 70
Файл: C:\OSPanel\domains\store.loc\vendor\app\Router.php
Код ошибки: 500

Произошла ошибка № 156: 25-08-2019 в 10:08:04
Ошибка: Маршрут не найден
Строка: 70
Файл: C:\OSPanel\domains\store.loc\vendor\app\Router.php
Код ошибки: 500

Произошла ошибка № 157: 25-08-2019 в 10:08:04
Ошибка: Маршрут не найден
Строка: 70
Файл: C:\OSPanel\domains\store.loc\vendor\app\Router.php
Код ошибки: 500

Произошла ошибка № 158: 25-08-2019 в 10:08:04
Ошибка: Маршрут не найден
Строка: 70
Файл: C:\OSPanel\domains\store.loc\vendor\app\Router.php
Код ошибки: 500

Произошла ошибка № 159: 25-08-2019 в 10:08:04
Ошибка: Маршрут не найден
Строка: 70
Файл: C:\OSPanel\domains\store.loc\vendor\app\Router.php
Код ошибки: 500

Произошла ошибка № 160: 25-08-2019 в 10:08:04
Ошибка: Маршрут не найден
Строка: 70
Файл: C:\OSPanel\domains\store.loc\vendor\app\Router.php
Код ошибки: 500

Произошла ошибка № 161: 25-08-2019 в 10:08:04
Ошибка: Маршрут не найден
Строка: 70
Файл: C:\OSPanel\domains\store.loc\vendor\app\Router.php
Код ошибки: 500

Произошла ошибка № 162: 25-08-2019 в 17:35:46
Ошибка: Маршрут не найден
Строка: 70
Файл: C:\OSPanel\domains\store.loc\vendor\app\Router.php
Код ошибки: 500

Произошла ошибка № 163: 25-08-2019 в 17:56:08
Ошибка: syntax error, unexpected 'getInstance' (T_STRING), expecting variable (T_VARIABLE) or '$'
Строка: 30
Файл: C:\OSPanel\domains\store.loc\widgets\category\Category.php
Код ошибки: 0

Произошла ошибка № 164: 25-08-2019 в 17:57:14
Ошибка: Too few arguments to function widgets\category\Category::getTree(), 0 passed in C:\OSPanel\domains\store.loc\widgets\category\Category.php on line 13 and exactly 1 expected
Строка: 21
Файл: C:\OSPanel\domains\store.loc\widgets\category\Category.php
Код ошибки: 0

Произошла ошибка № 165: 25-08-2019 в 20:20:58
Ошибка: Маршрут не найден
Строка: 70
Файл: C:\OSPanel\domains\store.loc\vendor\app\Router.php
Код ошибки: 500

Произошла ошибка № 166: 25-08-2019 в 20:21:00
Ошибка: Маршрут не найден
Строка: 70
Файл: C:\OSPanel\domains\store.loc\vendor\app\Router.php
Код ошибки: 500

Произошла ошибка № 167: 25-08-2019 в 20:39:36
Ошибка: Too few arguments to function widgets\category\Category::__construct(), 0 passed in C:\OSPanel\domains\store.loc\layouts\default.php on line 206 and exactly 2 expected
Строка: 15
Файл: C:\OSPanel\domains\store.loc\widgets\category\Category.php
Код ошибки: 0

Произошла ошибка № 168: 25-08-2019 в 20:45:50
Ошибка: Маршрут не найден
Строка: 70
Файл: C:\OSPanel\domains\store.loc\vendor\app\Router.php
Код ошибки: 500

Произошла ошибка № 169: 25-08-2019 в 20:45:50
Ошибка: Маршрут не найден
Строка: 70
Файл: C:\OSPanel\domains\store.loc\vendor\app\Router.php
Код ошибки: 500

Произошла ошибка № 170: 25-08-2019 в 20:45:50
Ошибка: Маршрут не найден
Строка: 70
Файл: C:\OSPanel\domains\store.loc\vendor\app\Router.php
Код ошибки: 500

Произошла ошибка № 171: 25-08-2019 в 20:45:50
Ошибка: Маршрут не найден
Строка: 70
Файл: C:\OSPanel\domains\store.loc\vendor\app\Router.php
Код ошибки: 500

Произошла ошибка № 172: 25-08-2019 в 20:45:50
Ошибка: Маршрут не найден
Строка: 70
Файл: C:\OSPanel\domains\store.loc\vendor\app\Router.php
Код ошибки: 500

Произошла ошибка № 173: 25-08-2019 в 20:45:50
Ошибка: Маршрут не найден
Строка: 70
Файл: C:\OSPanel\domains\store.loc\vendor\app\Router.php
Код ошибки: 500

Произошла ошибка № 174: 25-08-2019 в 20:45:50
Ошибка: Маршрут не найден
Строка: 70
Файл: C:\OSPanel\domains\store.loc\vendor\app\Router.php
Код ошибки: 500

Произошла ошибка № 175: 25-08-2019 в 20:45:50
Ошибка: Маршрут не найден
Строка: 70
Файл: C:\OSPanel\domains\store.loc\vendor\app\Router.php
Код ошибки: 500

Произошла ошибка № 176: 25-08-2019 в 20:46:28
Ошибка: Маршрут не найден
Строка: 70
Файл: C:\OSPanel\domains\store.loc\vendor\app\Router.php
Код ошибки: 500

Произошла ошибка № 177: 25-08-2019 в 20:46:29
Ошибка: Маршрут не найден
Строка: 70
Файл: C:\OSPanel\domains\store.loc\vendor\app\Router.php
Код ошибки: 500

Произошла ошибка № 178: 25-08-2019 в 20:47:25
Ошибка: Маршрут не найден
Строка: 70
Файл: C:\OSPanel\domains\store.loc\vendor\app\Router.php
Код ошибки: 500

Произошла ошибка № 179: 25-08-2019 в 20:47:25
Ошибка: Маршрут не найден
Строка: 70
Файл: C:\OSPanel\domains\store.loc\vendor\app\Router.php
Код ошибки: 500

Произошла ошибка № 180: 25-08-2019 в 20:47:25
Ошибка: Маршрут не найден
Строка: 70
Файл: C:\OSPanel\domains\store.loc\vendor\app\Router.php
Код ошибки: 500

Произошла ошибка № 181: 25-08-2019 в 20:47:25
Ошибка: Маршрут не найден
Строка: 70
Файл: C:\OSPanel\domains\store.loc\vendor\app\Router.php
Код ошибки: 500

Произошла ошибка № 182: 25-08-2019 в 20:47:25
Ошибка: Маршрут не найден
Строка: 70
Файл: C:\OSPanel\domains\store.loc\vendor\app\Router.php
Код ошибки: 500

Произошла ошибка № 183: 25-08-2019 в 20:47:25
Ошибка: Маршрут не найден
Строка: 70
Файл: C:\OSPanel\domains\store.loc\vendor\app\Router.php
Код ошибки: 500

Произошла ошибка № 184: 25-08-2019 в 20:47:25
Ошибка: Маршрут не найден
Строка: 70
Файл: C:\OSPanel\domains\store.loc\vendor\app\Router.php
Код ошибки: 500

Произошла ошибка № 185: 25-08-2019 в 20:47:25
Ошибка: Маршрут не найден
Строка: 70
Файл: C:\OSPanel\domains\store.loc\vendor\app\Router.php
Код ошибки: 500

Произошла ошибка № 186: 25-08-2019 в 20:47:25
Ошибка: Маршрут не найден
Строка: 70
Файл: C:\OSPanel\domains\store.loc\vendor\app\Router.php
Код ошибки: 500

Произошла ошибка № 187: 25-08-2019 в 20:49:42
Ошибка: Маршрут не найден
Строка: 70
Файл: C:\OSPanel\domains\store.loc\vendor\app\Router.php
Код ошибки: 500

Произошла ошибка № 188: 25-08-2019 в 21:05:45
Ошибка: Файл контроллера не наден - C:\OSPanel\domains\store.loc\app\controllers\CategoryController.php
Строка: 67
Файл: C:\OSPanel\domains\store.loc\vendor\app\Router.php
Код ошибки: 500

Произошла ошибка № 189: 25-08-2019 в 21:05:46
Ошибка: Маршрут не найден
Строка: 70
Файл: C:\OSPanel\domains\store.loc\vendor\app\Router.php
Код ошибки: 500

Произошла ошибка № 190: 25-08-2019 в 21:05:51
Ошибка: Файл контроллера не наден - C:\OSPanel\domains\store.loc\app\controllers\CategoryController.php
Строка: 67
Файл: C:\OSPanel\domains\store.loc\vendor\app\Router.php
Код ошибки: 500

Произошла ошибка № 191: 25-08-2019 в 21:05:52
Ошибка: Маршрут не найден
Строка: 70
Файл: C:\OSPanel\domains\store.loc\vendor\app\Router.php
Код ошибки: 500

Произошла ошибка № 192: 25-08-2019 в 21:15:45
Ошибка: Маршрут не найден
Строка: 70
Файл: C:\OSPanel\domains\store.loc\vendor\app\Router.php
Код ошибки: 500

Произошла ошибка № 193: 25-08-2019 в 21:15:45
Ошибка: Маршрут не найден
Строка: 70
Файл: C:\OSPanel\domains\store.loc\vendor\app\Router.php
Код ошибки: 500

Произошла ошибка № 194: 25-08-2019 в 21:16:18
Ошибка: Файл контроллера не наден - C:\OSPanel\domains\store.loc\app\controllers\CategoryController.php
Строка: 67
Файл: C:\OSPanel\domains\store.loc\vendor\app\Router.php
Код ошибки: 500

Произошла ошибка № 195: 25-08-2019 в 21:16:19
Ошибка: Маршрут не найден
Строка: 70
Файл: C:\OSPanel\domains\store.loc\vendor\app\Router.php
Код ошибки: 500

Произошла ошибка № 196: 25-08-2019 в 21:16:49
Ошибка: Файл контроллера не наден - C:\OSPanel\domains\store.loc\app\controllers\CategoryController.php
Строка: 67
Файл: C:\OSPanel\domains\store.loc\vendor\app\Router.php
Код ошибки: 500

Произошла ошибка № 197: 25-08-2019 в 21:16:49
Ошибка: Маршрут не найден
Строка: 70
Файл: C:\OSPanel\domains\store.loc\vendor\app\Router.php
Код ошибки: 500

Произошла ошибка № 198: 25-08-2019 в 21:16:57
Ошибка: Маршрут не найден
Строка: 70
Файл: C:\OSPanel\domains\store.loc\vendor\app\Router.php
Код ошибки: 500

Произошла ошибка № 199: 25-08-2019 в 21:16:58
Ошибка: Маршрут не найден
Строка: 70
Файл: C:\OSPanel\domains\store.loc\vendor\app\Router.php
Код ошибки: 500

Произошла ошибка № 200: 25-08-2019 в 21:17:09
Ошибка: Файл контроллера не наден - C:\OSPanel\domains\store.loc\app\controllers\CategoryController.php
Строка: 67
Файл: C:\OSPanel\domains\store.loc\vendor\app\Router.php
Код ошибки: 500

Произошла ошибка № 201: 25-08-2019 в 21:17:10
Ошибка: Маршрут не найден
Строка: 70
Файл: C:\OSPanel\domains\store.loc\vendor\app\Router.php
Код ошибки: 500

Произошла ошибка № 202: 25-08-2019 в 21:17:21
Ошибка: Файл контроллера не наден - C:\OSPanel\domains\store.loc\app\controllers\CategoryController.php
Строка: 67
Файл: C:\OSPanel\domains\store.loc\vendor\app\Router.php
Код ошибки: 500

Произошла ошибка № 203: 25-08-2019 в 21:17:21
Ошибка: Маршрут не найден
Строка: 70
Файл: C:\OSPanel\domains\store.loc\vendor\app\Router.php
Код ошибки: 500

Произошла ошибка № 204: 26-08-2019 в 10:38:06
Ошибка: Class 'app\controllers\Register' not found
Строка: 12
Файл: C:\OSPanel\domains\store.loc\app\controllers\IndexController.php
Код ошибки: 0

Произошла ошибка № 205: 26-08-2019 в 10:38:06
Ошибка: Маршрут не найден
Строка: 70
Файл: C:\OSPanel\domains\store.loc\vendor\app\Router.php
Код ошибки: 500

Произошла ошибка № 206: 26-08-2019 в 10:38:21
Ошибка: Маршрут не найден
Строка: 70
Файл: C:\OSPanel\domains\store.loc\vendor\app\Router.php
Код ошибки: 500

Произошла ошибка № 207: 26-08-2019 в 10:40:08
Ошибка: Маршрут не найден
Строка: 70
Файл: C:\OSPanel\domains\store.loc\vendor\app\Router.php
Код ошибки: 500

Произошла ошибка № 208: 26-08-2019 в 10:57:13
Ошибка: Маршрут не найден
Строка: 70
Файл: C:\OSPanel\domains\store.loc\vendor\app\Router.php
Код ошибки: 500

Произошла ошибка № 209: 26-08-2019 в 11:02:16
Ошибка: Using $this when not in object context
Строка: 30
Файл: C:\OSPanel\domains\store.loc\vendor\app\Db.php
Код ошибки: 0

Произошла ошибка № 210: 26-08-2019 в 11:02:17
Ошибка: Маршрут не найден
Строка: 70
Файл: C:\OSPanel\domains\store.loc\vendor\app\Router.php
Код ошибки: 500

Произошла ошибка № 211: 26-08-2019 в 11:03:20
Ошибка: SQLSTATE[42S22]: Column not found: 1054 Unknown column 'notebooks' in 'where clause'
Строка: 32
Файл: C:\OSPanel\domains\store.loc\vendor\app\Db.php
Код ошибки: 42S22

Произошла ошибка № 212: 26-08-2019 в 11:03:20
Ошибка: Маршрут не найден
Строка: 70
Файл: C:\OSPanel\domains\store.loc\vendor\app\Router.php
Код ошибки: 500

Произошла ошибка № 213: 26-08-2019 в 11:04:41
Ошибка: Маршрут не найден
Строка: 70
Файл: C:\OSPanel\domains\store.loc\vendor\app\Router.php
Код ошибки: 500

Произошла ошибка № 214: 26-08-2019 в 11:15:43
Ошибка: Call to undefined method app\controllers\IndexController::setParam()
Строка: 16
Файл: C:\OSPanel\domains\store.loc\app\controllers\IndexController.php
Код ошибки: 0

Произошла ошибка № 215: 26-08-2019 в 11:15:43
Ошибка: Маршрут не найден
Строка: 70
Файл: C:\OSPanel\domains\store.loc\vendor\app\Router.php
Код ошибки: 500

Произошла ошибка № 216: 26-08-2019 в 11:18:29
Ошибка: Маршрут не найден
Строка: 70
Файл: C:\OSPanel\domains\store.loc\vendor\app\Router.php
Код ошибки: 500

Произошла ошибка № 217: 26-08-2019 в 11:18:51
Ошибка: Маршрут не найден
Строка: 70
Файл: C:\OSPanel\domains\store.loc\vendor\app\Router.php
Код ошибки: 500

Произошла ошибка № 218: 26-08-2019 в 11:19:56
Ошибка: Маршрут не найден
Строка: 70
Файл: C:\OSPanel\domains\store.loc\vendor\app\Router.php
Код ошибки: 500

Произошла ошибка № 219: 26-08-2019 в 11:20:45
Ошибка: Маршрут не найден
Строка: 70
Файл: C:\OSPanel\domains\store.loc\vendor\app\Router.php
Код ошибки: 500

Произошла ошибка № 220: 26-08-2019 в 11:20:45
Ошибка: Маршрут не найден
Строка: 70
Файл: C:\OSPanel\domains\store.loc\vendor\app\Router.php
Код ошибки: 500

Произошла ошибка № 221: 26-08-2019 в 11:20:45
Ошибка: Маршрут не найден
Строка: 70
Файл: C:\OSPanel\domains\store.loc\vendor\app\Router.php
Код ошибки: 500

Произошла ошибка № 222: 26-08-2019 в 11:20:45
Ошибка: Маршрут не найден
Строка: 70
Файл: C:\OSPanel\domains\store.loc\vendor\app\Router.php
Код ошибки: 500

Произошла ошибка № 223: 26-08-2019 в 11:20:45
Ошибка: Маршрут не найден
Строка: 70
Файл: C:\OSPanel\domains\store.loc\vendor\app\Router.php
Код ошибки: 500

Произошла ошибка № 224: 26-08-2019 в 11:20:45
Ошибка: Маршрут не найден
Строка: 70
Файл: C:\OSPanel\domains\store.loc\vendor\app\Router.php
Код ошибки: 500

Произошла ошибка № 225: 26-08-2019 в 11:20:46
Ошибка: Маршрут не найден
Строка: 70
Файл: C:\OSPanel\domains\store.loc\vendor\app\Router.php
Код ошибки: 500

Произошла ошибка № 226: 26-08-2019 в 11:20:46
Ошибка: Маршрут не найден
Строка: 70
Файл: C:\OSPanel\domains\store.loc\vendor\app\Router.php
Код ошибки: 500

Произошла ошибка № 227: 26-08-2019 в 11:20:46
Ошибка: Маршрут не найден
Строка: 70
Файл: C:\OSPanel\domains\store.loc\vendor\app\Router.php
Код ошибки: 500

Произошла ошибка № 228: 26-08-2019 в 11:21:42
Ошибка: Маршрут не найден
Строка: 70
Файл: C:\OSPanel\domains\store.loc\vendor\app\Router.php
Код ошибки: 500

Произошла ошибка № 229: 26-08-2019 в 11:22:23
Ошибка: Маршрут не найден
Строка: 70
Файл: C:\OSPanel\domains\store.loc\vendor\app\Router.php
Код ошибки: 500

Произошла ошибка № 230: 26-08-2019 в 11:22:32
Ошибка: Маршрут не найден
Строка: 70
Файл: C:\OSPanel\domains\store.loc\vendor\app\Router.php
Код ошибки: 500

Произошла ошибка № 231: 26-08-2019 в 11:27:39
Ошибка: Маршрут не найден
Строка: 70
Файл: C:\OSPanel\domains\store.loc\vendor\app\Router.php
Код ошибки: 500

Произошла ошибка № 232: 26-08-2019 в 11:30:25
Ошибка: Маршрут не найден
Строка: 70
Файл: C:\OSPanel\domains\store.loc\vendor\app\Router.php
Код ошибки: 500

Произошла ошибка № 233: 26-08-2019 в 11:31:04
Ошибка: Маршрут не найден
Строка: 70
Файл: C:\OSPanel\domains\store.loc\vendor\app\Router.php
Код ошибки: 500

Произошла ошибка № 234: 26-08-2019 в 11:31:29
Ошибка: Маршрут не найден
Строка: 70
Файл: C:\OSPanel\domains\store.loc\vendor\app\Router.php
Код ошибки: 500

Произошла ошибка № 235: 26-08-2019 в 11:31:50
Ошибка: Маршрут не найден
Строка: 70
Файл: C:\OSPanel\domains\store.loc\vendor\app\Router.php
Код ошибки: 500

Произошла ошибка № 236: 26-08-2019 в 11:32:22
Ошибка: Маршрут не найден
Строка: 70
Файл: C:\OSPanel\domains\store.loc\vendor\app\Router.php
Код ошибки: 500

Произошла ошибка № 237: 26-08-2019 в 11:32:59
Ошибка: Маршрут не найден
Строка: 70
Файл: C:\OSPanel\domains\store.loc\vendor\app\Router.php
Код ошибки: 500

Произошла ошибка № 238: 26-08-2019 в 11:34:05
Ошибка: Маршрут не найден
Строка: 70
Файл: C:\OSPanel\domains\store.loc\vendor\app\Router.php
Код ошибки: 500

Произошла ошибка № 239: 26-08-2019 в 11:45:53
Ошибка: syntax error, unexpected '50' (T_LNUMBER), expecting function (T_FUNCTION) or const (T_CONST)
Строка: 10
Файл: C:\OSPanel\domains\store.loc\app\controllers\IndexController.php
Код ошибки: 0

Произошла ошибка № 240: 26-08-2019 в 11:45:53
Ошибка: Маршрут не найден
Строка: 70
Файл: C:\OSPanel\domains\store.loc\vendor\app\Router.php
Код ошибки: 500

Произошла ошибка № 241: 26-08-2019 в 11:45:59
Ошибка: syntax error, unexpected '}'
Строка: 41
Файл: C:\OSPanel\domains\store.loc\app\controllers\IndexController.php
Код ошибки: 0

Произошла ошибка № 242: 26-08-2019 в 11:46:00
Ошибка: Маршрут не найден
Строка: 70
Файл: C:\OSPanel\domains\store.loc\vendor\app\Router.php
Код ошибки: 500

Произошла ошибка № 243: 26-08-2019 в 11:46:08
Ошибка: Маршрут не найден
Строка: 70
Файл: C:\OSPanel\domains\store.loc\vendor\app\Router.php
Код ошибки: 500

Произошла ошибка № 244: 26-08-2019 в 11:47:53
Ошибка: Маршрут не найден
Строка: 70
Файл: C:\OSPanel\domains\store.loc\vendor\app\Router.php
Код ошибки: 500

Произошла ошибка № 245: 26-08-2019 в 11:51:23
Ошибка: Маршрут не найден
Строка: 70
Файл: C:\OSPanel\domains\store.loc\vendor\app\Router.php
Код ошибки: 500

Произошла ошибка № 246: 26-08-2019 в 11:52:12
Ошибка: Маршрут не найден
Строка: 70
Файл: C:\OSPanel\domains\store.loc\vendor\app\Router.php
Код ошибки: 500

Произошла ошибка № 247: 26-08-2019 в 11:52:29
Ошибка: Маршрут не найден
Строка: 70
Файл: C:\OSPanel\domains\store.loc\vendor\app\Router.php
Код ошибки: 500

Произошла ошибка № 248: 26-08-2019 в 11:53:46
Ошибка: Маршрут не найден
Строка: 70
Файл: C:\OSPanel\domains\store.loc\vendor\app\Router.php
Код ошибки: 500

Произошла ошибка № 249: 26-08-2019 в 11:59:06
Ошибка: Маршрут не найден
Строка: 70
Файл: C:\OSPanel\domains\store.loc\vendor\app\Router.php
Код ошибки: 500

Произошла ошибка № 250: 26-08-2019 в 11:59:29
Ошибка: Маршрут не найден
Строка: 70
Файл: C:\OSPanel\domains\store.loc\vendor\app\Router.php
Код ошибки: 500

Произошла ошибка № 251: 26-08-2019 в 11:59:32
Ошибка: Маршрут не найден
Строка: 70
Файл: C:\OSPanel\domains\store.loc\vendor\app\Router.php
Код ошибки: 500

Произошла ошибка № 252: 26-08-2019 в 11:59:58
Ошибка: Маршрут не найден
Строка: 70
Файл: C:\OSPanel\domains\store.loc\vendor\app\Router.php
Код ошибки: 500

Произошла ошибка № 253: 26-08-2019 в 12:00:16
Ошибка: Маршрут не найден
Строка: 70
Файл: C:\OSPanel\domains\store.loc\vendor\app\Router.php
Код ошибки: 500

Произошла ошибка № 254: 26-08-2019 в 12:00:31
Ошибка: Маршрут не найден
Строка: 70
Файл: C:\OSPanel\domains\store.loc\vendor\app\Router.php
Код ошибки: 500

Произошла ошибка № 255: 26-08-2019 в 12:04:51
Ошибка: Маршрут не найден
Строка: 70
Файл: C:\OSPanel\domains\store.loc\vendor\app\Router.php
Код ошибки: 500

Произошла ошибка № 256: 26-08-2019 в 12:05:41
Ошибка: Маршрут не найден
Строка: 70
Файл: C:\OSPanel\domains\store.loc\vendor\app\Router.php
Код ошибки: 500

Произошла ошибка № 257: 26-08-2019 в 12:09:33
Ошибка: syntax error, unexpected '' (T_ENCAPSED_AND_WHITESPACE), expecting '-' or identifier (T_STRING) or variable (T_VARIABLE) or number (T_NUM_STRING)
Строка: 40
Файл: C:\OSPanel\domains\store.loc\app\controllers\IndexController.php
Код ошибки: 0

Произошла ошибка № 258: 26-08-2019 в 12:09:34
Ошибка: Маршрут не найден
Строка: 70
Файл: C:\OSPanel\domains\store.loc\vendor\app\Router.php
Код ошибки: 500

Произошла ошибка № 259: 26-08-2019 в 12:09:48
Ошибка: syntax error, unexpected '' (T_ENCAPSED_AND_WHITESPACE), expecting '-' or identifier (T_STRING) or variable (T_VARIABLE) or number (T_NUM_STRING)
Строка: 40
Файл: C:\OSPanel\domains\store.loc\app\controllers\IndexController.php
Код ошибки: 0

Произошла ошибка № 260: 26-08-2019 в 12:09:49
Ошибка: Маршрут не найден
Строка: 70
Файл: C:\OSPanel\domains\store.loc\vendor\app\Router.php
Код ошибки: 500

Произошла ошибка № 261: 26-08-2019 в 12:10:19
Ошибка: SQLSTATE[42S22]: Column not found: 1054 Unknown column 'parent_id' in 'field list'
Строка: 32
Файл: C:\OSPanel\domains\store.loc\vendor\app\Db.php
Код ошибки: 42S22

Произошла ошибка № 262: 26-08-2019 в 12:10:19
Ошибка: Маршрут не найден
Строка: 70
Файл: C:\OSPanel\domains\store.loc\vendor\app\Router.php
Код ошибки: 500

Произошла ошибка № 263: 26-08-2019 в 12:10:48
Ошибка: Маршрут не найден
Строка: 70
Файл: C:\OSPanel\domains\store.loc\vendor\app\Router.php
Код ошибки: 500

Произошла ошибка № 264: 26-08-2019 в 12:12:37
Ошибка: SQLSTATE[42000]: Syntax error or access violation: 1064 You have an error in your SQL syntax; check the manual that corresponds to your MySQL server version for the right syntax to use near ')) AND (hit=1 OR new=1 OR old_price > 0)' at line 2
Строка: 32
Файл: C:\OSPanel\domains\store.loc\vendor\app\Db.php
Код ошибки: 42000

Произошла ошибка № 265: 26-08-2019 в 12:12:37
Ошибка: Маршрут не найден
Строка: 70
Файл: C:\OSPanel\domains\store.loc\vendor\app\Router.php
Код ошибки: 500

Произошла ошибка № 266: 26-08-2019 в 12:13:55
Ошибка: Маршрут не найден
Строка: 70
Файл: C:\OSPanel\domains\store.loc\vendor\app\Router.php
Код ошибки: 500

Произошла ошибка № 267: 26-08-2019 в 12:14:02
Ошибка: Маршрут не найден
Строка: 70
Файл: C:\OSPanel\domains\store.loc\vendor\app\Router.php
Код ошибки: 500

Произошла ошибка № 268: 26-08-2019 в 12:14:37
Ошибка: Маршрут не найден
Строка: 70
Файл: C:\OSPanel\domains\store.loc\vendor\app\Router.php
Код ошибки: 500

Произошла ошибка № 269: 26-08-2019 в 12:17:38
Ошибка: Маршрут не найден
Строка: 70
Файл: C:\OSPanel\domains\store.loc\vendor\app\Router.php
Код ошибки: 500

Произошла ошибка № 270: 26-08-2019 в 12:17:51
Ошибка: Маршрут не найден
Строка: 70
Файл: C:\OSPanel\domains\store.loc\vendor\app\Router.php
Код ошибки: 500

Произошла ошибка № 271: 26-08-2019 в 12:18:08
Ошибка: Маршрут не найден
Строка: 70
Файл: C:\OSPanel\domains\store.loc\vendor\app\Router.php
Код ошибки: 500

Произошла ошибка № 272: 26-08-2019 в 12:19:04
Ошибка: Маршрут не найден
Строка: 70
Файл: C:\OSPanel\domains\store.loc\vendor\app\Router.php
Код ошибки: 500

Произошла ошибка № 273: 26-08-2019 в 12:23:27
Ошибка: Маршрут не найден
Строка: 70
Файл: C:\OSPanel\domains\store.loc\vendor\app\Router.php
Код ошибки: 500

Произошла ошибка № 274: 26-08-2019 в 12:23:57
Ошибка: Маршрут не найден
Строка: 70
Файл: C:\OSPanel\domains\store.loc\vendor\app\Router.php
Код ошибки: 500

Произошла ошибка № 275: 26-08-2019 в 12:26:53
Ошибка: Маршрут не найден
Строка: 70
Файл: C:\OSPanel\domains\store.loc\vendor\app\Router.php
Код ошибки: 500

Произошла ошибка № 276: 26-08-2019 в 12:27:39
Ошибка: Маршрут не найден
Строка: 70
Файл: C:\OSPanel\domains\store.loc\vendor\app\Router.php
Код ошибки: 500

Произошла ошибка № 277: 26-08-2019 в 12:27:57
Ошибка: Маршрут не найден
Строка: 70
Файл: C:\OSPanel\domains\store.loc\vendor\app\Router.php
Код ошибки: 500

Произошла ошибка № 278: 26-08-2019 в 12:28:56
Ошибка: Маршрут не найден
Строка: 70
Файл: C:\OSPanel\domains\store.loc\vendor\app\Router.php
Код ошибки: 500

Произошла ошибка № 279: 26-08-2019 в 12:33:56
Ошибка: Маршрут не найден
Строка: 70
Файл: C:\OSPanel\domains\store.loc\vendor\app\Router.php
Код ошибки: 500

Произошла ошибка № 280: 26-08-2019 в 12:34:19
Ошибка: Маршрут не найден
Строка: 70
Файл: C:\OSPanel\domains\store.loc\vendor\app\Router.php
Код ошибки: 500

Произошла ошибка № 281: 26-08-2019 в 12:40:39
Ошибка: Маршрут не найден
Строка: 70
Файл: C:\OSPanel\domains\store.loc\vendor\app\Router.php
Код ошибки: 500

Произошла ошибка № 282: 26-08-2019 в 12:40:52
Ошибка: Маршрут не найден
Строка: 70
Файл: C:\OSPanel\domains\store.loc\vendor\app\Router.php
Код ошибки: 500

Произошла ошибка № 283: 26-08-2019 в 13:09:57
Ошибка: Маршрут не найден
Строка: 70
Файл: C:\OSPanel\domains\store.loc\vendor\app\Router.php
Код ошибки: 500

Произошла ошибка № 284: 26-08-2019 в 15:10:51
Ошибка: Class 'app\models\Product' not found
Строка: 13
Файл: C:\OSPanel\domains\store.loc\app\controllers\IndexController.php
Код ошибки: 0

Произошла ошибка № 285: 26-08-2019 в 15:10:52
Ошибка: Маршрут не найден
Строка: 70
Файл: C:\OSPanel\domains\store.loc\vendor\app\Router.php
Код ошибки: 500

Произошла ошибка № 286: 26-08-2019 в 15:11:40
Ошибка: Call to private method app\models\ProductModel::createChangedButton() from context 'app\controllers\IndexController'
Строка: 16
Файл: C:\OSPanel\domains\store.loc\app\controllers\IndexController.php
Код ошибки: 0

Произошла ошибка № 287: 26-08-2019 в 15:11:40
Ошибка: Маршрут не найден
Строка: 70
Файл: C:\OSPanel\domains\store.loc\vendor\app\Router.php
Код ошибки: 500

Произошла ошибка № 288: 26-08-2019 в 15:11:50
Ошибка: Class 'app\models\Register' not found
Строка: 9
Файл: C:\OSPanel\domains\store.loc\app\models\ProductModel.php
Код ошибки: 0

Произошла ошибка № 289: 26-08-2019 в 15:11:51
Ошибка: Маршрут не найден
Строка: 70
Файл: C:\OSPanel\domains\store.loc\vendor\app\Router.php
Код ошибки: 500

Произошла ошибка № 290: 26-08-2019 в 15:12:04
Ошибка: Call to a member function query() on null
Строка: 26
Файл: C:\OSPanel\domains\store.loc\app\models\ProductModel.php
Код ошибки: 0

Произошла ошибка № 291: 26-08-2019 в 15:12:05
Ошибка: Маршрут не найден
Строка: 70
Файл: C:\OSPanel\domains\store.loc\vendor\app\Router.php
Код ошибки: 500

Произошла ошибка № 292: 26-08-2019 в 15:13:03
Ошибка: Маршрут не найден
Строка: 70
Файл: C:\OSPanel\domains\store.loc\vendor\app\Router.php
Код ошибки: 500

Произошла ошибка № 293: 26-08-2019 в 15:14:53
Ошибка: Маршрут не найден
Строка: 70
Файл: C:\OSPanel\domains\store.loc\vendor\app\Router.php
Код ошибки: 500

Произошла ошибка № 294: 26-08-2019 в 15:16:11
Ошибка: Маршрут не найден
Строка: 70
Файл: C:\OSPanel\domains\store.loc\vendor\app\Router.php
Код ошибки: 500

Произошла ошибка № 295: 26-08-2019 в 15:20:51
Ошибка: Маршрут не найден
Строка: 70
Файл: C:\OSPanel\domains\store.loc\vendor\app\Router.php
Код ошибки: 500

Произошла ошибка № 296: 26-08-2019 в 15:35:03
Ошибка: Маршрут не найден
Строка: 70
Файл: C:\OSPanel\domains\store.loc\vendor\app\Router.php
Код ошибки: 500

Произошла ошибка № 297: 26-08-2019 в 15:47:10
Ошибка: Маршрут не найден
Строка: 70
Файл: C:\OSPanel\domains\store.loc\vendor\app\Router.php
Код ошибки: 500

Произошла ошибка № 298: 26-08-2019 в 15:48:14
Ошибка: Маршрут не найден
Строка: 70
Файл: C:\OSPanel\domains\store.loc\vendor\app\Router.php
Код ошибки: 500

Произошла ошибка № 299: 26-08-2019 в 15:53:32
Ошибка: Маршрут не найден
Строка: 70
Файл: C:\OSPanel\domains\store.loc\vendor\app\Router.php
Код ошибки: 500

Произошла ошибка № 300: 26-08-2019 в 15:55:09
Ошибка: Маршрут не найден
Строка: 70
Файл: C:\OSPanel\domains\store.loc\vendor\app\Router.php
Код ошибки: 500

Произошла ошибка № 301: 26-08-2019 в 16:00:04
Ошибка: Маршрут не найден
Строка: 70
Файл: C:\OSPanel\domains\store.loc\vendor\app\Router.php
Код ошибки: 500

Произошла ошибка № 302: 26-08-2019 в 16:00:15
Ошибка: Маршрут не найден
Строка: 70
Файл: C:\OSPanel\domains\store.loc\vendor\app\Router.php
Код ошибки: 500

Произошла ошибка № 303: 26-08-2019 в 16:01:11
Ошибка: Маршрут не найден
Строка: 70
Файл: C:\OSPanel\domains\store.loc\vendor\app\Router.php
Код ошибки: 500

Произошла ошибка № 304: 26-08-2019 в 16:17:30
Ошибка: Маршрут не найден
Строка: 70
Файл: C:\OSPanel\domains\store.loc\vendor\app\Router.php
Код ошибки: 500

Произошла ошибка № 305: 26-08-2019 в 16:37:47
Ошибка: Too few arguments to function store\base\Controller::__construct(), 0 passed in C:\OSPanel\domains\store.loc\app\controllers\MainController.php on line 12 and exactly 1 expected
Строка: 13
Файл: C:\OSPanel\domains\store.loc\vendor\app\base\Controller.php
Код ошибки: 0

Произошла ошибка № 306: 26-08-2019 в 16:37:48
Ошибка: Маршрут не найден
Строка: 70
Файл: C:\OSPanel\domains\store.loc\vendor\app\Router.php
Код ошибки: 500

Произошла ошибка № 307: 26-08-2019 в 16:38:18
Ошибка: Маршрут не найден
Строка: 70
Файл: C:\OSPanel\domains\store.loc\vendor\app\Router.php
Код ошибки: 500

Произошла ошибка № 308: 26-08-2019 в 16:38:36
Ошибка: Маршрут не найден
Строка: 70
Файл: C:\OSPanel\domains\store.loc\vendor\app\Router.php
Код ошибки: 500

Произошла ошибка № 309: 26-08-2019 в 16:38:40
Ошибка: Маршрут не найден
Строка: 70
Файл: C:\OSPanel\domains\store.loc\vendor\app\Router.php
Код ошибки: 500

Произошла ошибка № 310: 26-08-2019 в 16:49:51
Ошибка: Маршрут не найден
Строка: 70
Файл: C:\OSPanel\domains\store.loc\vendor\app\Router.php
Код ошибки: 500

Произошла ошибка № 311: 26-08-2019 в 17:04:32
Ошибка: Too few arguments to function widgets\currency\Currency::getCurrentCurrency(), 0 passed in C:\OSPanel\domains\store.loc\widgets\currency\Currency.php on line 17 and exactly 1 expected
Строка: 43
Файл: C:\OSPanel\domains\store.loc\widgets\currency\Currency.php
Код ошибки: 0

Произошла ошибка № 312: 26-08-2019 в 17:04:33
Ошибка: Маршрут не найден
Строка: 70
Файл: C:\OSPanel\domains\store.loc\vendor\app\Router.php
Код ошибки: 500

Произошла ошибка № 313: 26-08-2019 в 17:05:09
Ошибка: Маршрут не найден
Строка: 70
Файл: C:\OSPanel\domains\store.loc\vendor\app\Router.php
Код ошибки: 500

Произошла ошибка № 314: 26-08-2019 в 17:05:37
Ошибка: Маршрут не найден
Строка: 70
Файл: C:\OSPanel\domains\store.loc\vendor\app\Router.php
Код ошибки: 500

Произошла ошибка № 315: 26-08-2019 в 17:06:41
Ошибка: Маршрут не найден
Строка: 70
Файл: C:\OSPanel\domains\store.loc\vendor\app\Router.php
Код ошибки: 500

Произошла ошибка № 316: 26-08-2019 в 17:10:13
Ошибка: Маршрут не найден
Строка: 70
Файл: C:\OSPanel\domains\store.loc\vendor\app\Router.php
Код ошибки: 500

Произошла ошибка № 317: 26-08-2019 в 17:10:18
Ошибка: Маршрут не найден
Строка: 70
Файл: C:\OSPanel\domains\store.loc\vendor\app\Router.php
Код ошибки: 500

Произошла ошибка № 318: 26-08-2019 в 17:10:52
Ошибка: Маршрут не найден
Строка: 70
Файл: C:\OSPanel\domains\store.loc\vendor\app\Router.php
Код ошибки: 500

Произошла ошибка № 319: 26-08-2019 в 17:30:05
Ошибка: Маршрут не найден
Строка: 70
Файл: C:\OSPanel\domains\store.loc\vendor\app\Router.php
Код ошибки: 500

Произошла ошибка № 320: 26-08-2019 в 17:34:47
Ошибка: Маршрут не найден
Строка: 70
Файл: C:\OSPanel\domains\store.loc\vendor\app\Router.php
Код ошибки: 500

Произошла ошибка № 321: 26-08-2019 в 19:31:40
Ошибка: syntax error, unexpected 'public' (T_PUBLIC)
Строка: 43
Файл: C:\OSPanel\domains\store.loc\app\models\ProductModel.php
Код ошибки: 0

Произошла ошибка № 322: 26-08-2019 в 19:31:41
Ошибка: Маршрут не найден
Строка: 70
Файл: C:\OSPanel\domains\store.loc\vendor\app\Router.php
Код ошибки: 500

Произошла ошибка № 323: 26-08-2019 в 19:31:49
Ошибка: syntax error, unexpected 'public' (T_PUBLIC)
Строка: 43
Файл: C:\OSPanel\domains\store.loc\app\models\ProductModel.php
Код ошибки: 0

Произошла ошибка № 324: 26-08-2019 в 19:31:50
Ошибка: Маршрут не найден
Строка: 70
Файл: C:\OSPanel\domains\store.loc\vendor\app\Router.php
Код ошибки: 500

Произошла ошибка № 325: 26-08-2019 в 19:34:29
Ошибка: Маршрут не найден
Строка: 70
Файл: C:\OSPanel\domains\store.loc\vendor\app\Router.php
Код ошибки: 500

Произошла ошибка № 326: 26-08-2019 в 19:45:49
Ошибка: Маршрут не найден
Строка: 70
Файл: C:\OSPanel\domains\store.loc\vendor\app\Router.php
Код ошибки: 500

Произошла ошибка № 327: 26-08-2019 в 19:47:19
Ошибка: Маршрут не найден
Строка: 70
Файл: C:\OSPanel\domains\store.loc\vendor\app\Router.php
Код ошибки: 500

Произошла ошибка № 328: 26-08-2019 в 19:47:32
Ошибка: Маршрут не найден
Строка: 70
Файл: C:\OSPanel\domains\store.loc\vendor\app\Router.php
Код ошибки: 500

Произошла ошибка № 329: 26-08-2019 в 19:49:26
Ошибка: Маршрут не найден
Строка: 70
Файл: C:\OSPanel\domains\store.loc\vendor\app\Router.php
Код ошибки: 500

Произошла ошибка № 330: 26-08-2019 в 19:56:01
Ошибка: Call to undefined method app\models\ProductModel::recalc()
Строка: 37
Файл: C:\OSPanel\domains\store.loc\app\models\ProductModel.php
Код ошибки: 0

Произошла ошибка № 331: 26-08-2019 в 19:56:02
Ошибка: Маршрут не найден
Строка: 70
Файл: C:\OSPanel\domains\store.loc\vendor\app\Router.php
Код ошибки: 500

Произошла ошибка № 332: 26-08-2019 в 20:21:04
Ошибка: Маршрут не найден
Строка: 70
Файл: C:\OSPanel\domains\store.loc\vendor\app\Router.php
Код ошибки: 500

Произошла ошибка № 333: 26-08-2019 в 20:21:14
Ошибка: Маршрут не найден
Строка: 70
Файл: C:\OSPanel\domains\store.loc\vendor\app\Router.php
Код ошибки: 500

Произошла ошибка № 334: 26-08-2019 в 20:21:37
Ошибка: Маршрут не найден
Строка: 70
Файл: C:\OSPanel\domains\store.loc\vendor\app\Router.php
Код ошибки: 500

Произошла ошибка № 335: 26-08-2019 в 20:22:23
Ошибка: Маршрут не найден
Строка: 70
Файл: C:\OSPanel\domains\store.loc\vendor\app\Router.php
Код ошибки: 500

Произошла ошибка № 336: 26-08-2019 в 20:24:41
Ошибка: Маршрут не найден
Строка: 70
Файл: C:\OSPanel\domains\store.loc\vendor\app\Router.php
Код ошибки: 500

Произошла ошибка № 337: 26-08-2019 в 20:25:12
Ошибка: Маршрут не найден
Строка: 70
Файл: C:\OSPanel\domains\store.loc\vendor\app\Router.php
Код ошибки: 500

Произошла ошибка № 338: 28-08-2019 в 11:03:30
Ошибка: Маршрут не найден
Строка: 70
Файл: C:\OSPanel\domains\store.loc\vendor\app\Router.php
Код ошибки: 500

Произошла ошибка № 339: 28-08-2019 в 11:03:30
Ошибка: Маршрут не найден
Строка: 70
Файл: C:\OSPanel\domains\store.loc\vendor\app\Router.php
Код ошибки: 500

Произошла ошибка № 340: 28-08-2019 в 11:03:31
Ошибка: Маршрут не найден
Строка: 70
Файл: C:\OSPanel\domains\store.loc\vendor\app\Router.php
Код ошибки: 500

Произошла ошибка № 341: 28-08-2019 в 11:05:11
Ошибка: Маршрут не найден
Строка: 70
Файл: C:\OSPanel\domains\store.loc\vendor\app\Router.php
Код ошибки: 500

Произошла ошибка № 342: 28-08-2019 в 11:05:11
Ошибка: Маршрут не найден
Строка: 70
Файл: C:\OSPanel\domains\store.loc\vendor\app\Router.php
Код ошибки: 500

Произошла ошибка № 343: 28-08-2019 в 11:05:12
Ошибка: Маршрут не найден
Строка: 70
Файл: C:\OSPanel\domains\store.loc\vendor\app\Router.php
Код ошибки: 500

Произошла ошибка № 344: 28-08-2019 в 11:07:03
Ошибка: Маршрут не найден
Строка: 70
Файл: C:\OSPanel\domains\store.loc\vendor\app\Router.php
Код ошибки: 500

Произошла ошибка № 345: 28-08-2019 в 11:09:08
Ошибка: Маршрут не найден
Строка: 72
Файл: C:\OSPanel\domains\store.loc\vendor\app\Router.php
Код ошибки: 500

Произошла ошибка № 346: 28-08-2019 в 11:11:04
Ошибка: Маршрут не найден
Строка: 78
Файл: C:\OSPanel\domains\store.loc\vendor\app\Router.php
Код ошибки: 500

Произошла ошибка № 347: 28-08-2019 в 11:11:22
Ошибка: Маршрут не найден
Строка: 78
Файл: C:\OSPanel\domains\store.loc\vendor\app\Router.php
Код ошибки: 500

Произошла ошибка № 348: 28-08-2019 в 11:11:57
Ошибка: Маршрут не найден
Строка: 79
Файл: C:\OSPanel\domains\store.loc\vendor\app\Router.php
Код ошибки: 500

Произошла ошибка № 349: 28-08-2019 в 11:14:00
Ошибка: Маршрут не найден
Строка: 82
Файл: C:\OSPanel\domains\store.loc\vendor\app\Router.php
Код ошибки: 500

Произошла ошибка № 350: 28-08-2019 в 11:14:38
Ошибка: Маршрут не найден
Строка: 71
Файл: C:\OSPanel\domains\store.loc\vendor\app\Router.php
Код ошибки: 500

Произошла ошибка № 351: 28-08-2019 в 11:14:51
Ошибка: Маршрут не найден
Строка: 72
Файл: C:\OSPanel\domains\store.loc\vendor\app\Router.php
Код ошибки: 500

Произошла ошибка № 352: 28-08-2019 в 11:16:00
Ошибка: Маршрут не найден
Строка: 73
Файл: C:\OSPanel\domains\store.loc\vendor\app\Router.php
Код ошибки: 500

Произошла ошибка № 353: 28-08-2019 в 11:16:53
Ошибка: Файл контроллера не наден - C:\OSPanel\domains\store.loc\appproduct\controllers\ProductController.php
Строка: 70
Файл: C:\OSPanel\domains\store.loc\vendor\app\Router.php
Код ошибки: 500

Произошла ошибка № 354: 28-08-2019 в 11:16:54
Ошибка: Маршрут не найден
Строка: 73
Файл: C:\OSPanel\domains\store.loc\vendor\app\Router.php
Код ошибки: 500

Произошла ошибка № 355: 28-08-2019 в 11:17:55
Ошибка: Файл контроллера не наден - C:\OSPanel\domains\store.loc\app\product\controllers\ProductController.php
Строка: 70
Файл: C:\OSPanel\domains\store.loc\vendor\app\Router.php
Код ошибки: 500

Произошла ошибка № 356: 28-08-2019 в 11:17:55
Ошибка: Маршрут не найден
Строка: 73
Файл: C:\OSPanel\domains\store.loc\vendor\app\Router.php
Код ошибки: 500

Произошла ошибка № 357: 28-08-2019 в 11:18:00
Ошибка: Маршрут не найден
Строка: 73
Файл: C:\OSPanel\domains\store.loc\vendor\app\Router.php
Код ошибки: 500

Произошла ошибка № 358: 28-08-2019 в 11:18:09
Ошибка: Маршрут не найден
Строка: 73
Файл: C:\OSPanel\domains\store.loc\vendor\app\Router.php
Код ошибки: 500

Произошла ошибка № 359: 28-08-2019 в 11:18:43
Ошибка: Маршрут не найден
Строка: 73
Файл: C:\OSPanel\domains\store.loc\vendor\app\Router.php
Код ошибки: 500

Произошла ошибка № 360: 28-08-2019 в 11:20:23
Ошибка: Маршрут не найден
Строка: 73
Файл: C:\OSPanel\domains\store.loc\vendor\app\Router.php
Код ошибки: 500

Произошла ошибка № 361: 28-08-2019 в 11:20:30
Ошибка: Маршрут не найден
Строка: 73
Файл: C:\OSPanel\domains\store.loc\vendor\app\Router.php
Код ошибки: 500

Произошла ошибка № 362: 28-08-2019 в 11:22:10
Ошибка: Маршрут не найден
Строка: 73
Файл: C:\OSPanel\domains\store.loc\vendor\app\Router.php
Код ошибки: 500

Произошла ошибка № 363: 28-08-2019 в 11:22:34
Ошибка: Маршрут не найден
Строка: 73
Файл: C:\OSPanel\domains\store.loc\vendor\app\Router.php
Код ошибки: 500

Произошла ошибка № 364: 28-08-2019 в 11:22:49
Ошибка: Маршрут не найден
Строка: 73
Файл: C:\OSPanel\domains\store.loc\vendor\app\Router.php
Код ошибки: 500

Произошла ошибка № 365: 28-08-2019 в 11:23:31
Ошибка: Маршрут не найден
Строка: 73
Файл: C:\OSPanel\domains\store.loc\vendor\app\Router.php
Код ошибки: 500

Произошла ошибка № 366: 28-08-2019 в 11:23:52
Ошибка: Файл не найден
Строка: 11
Файл: C:\OSPanel\domains\store.loc\app\controllers\ProductController.php
Код ошибки: 404

Произошла ошибка № 367: 28-08-2019 в 11:23:52
Ошибка: Маршрут не найден
Строка: 73
Файл: C:\OSPanel\domains\store.loc\vendor\app\Router.php
Код ошибки: 500

Произошла ошибка № 368: 28-08-2019 в 11:24:13
Ошибка: Страница не найдена
Строка: 11
Файл: C:\OSPanel\domains\store.loc\app\controllers\ProductController.php
Код ошибки: 404

Произошла ошибка № 369: 28-08-2019 в 11:24:14
Ошибка: Маршрут не найден
Строка: 73
Файл: C:\OSPanel\domains\store.loc\vendor\app\Router.php
Код ошибки: 500

Произошла ошибка № 370: 28-08-2019 в 11:24:18
Ошибка: Страница не найдена
Строка: 11
Файл: C:\OSPanel\domains\store.loc\app\controllers\ProductController.php
Код ошибки: 404

Произошла ошибка № 371: 28-08-2019 в 11:24:18
Ошибка: Маршрут не найден
Строка: 73
Файл: C:\OSPanel\domains\store.loc\vendor\app\Router.php
Код ошибки: 500

Произошла ошибка № 372: 28-08-2019 в 11:24:23
Ошибка: Страница не найдена
Строка: 11
Файл: C:\OSPanel\domains\store.loc\app\controllers\ProductController.php
Код ошибки: 404

Произошла ошибка № 373: 28-08-2019 в 11:24:23
Ошибка: Маршрут не найден
Строка: 73
Файл: C:\OSPanel\domains\store.loc\vendor\app\Router.php
Код ошибки: 500

Произошла ошибка № 374: 28-08-2019 в 11:24:36
Ошибка: Маршрут не найден
Строка: 73
Файл: C:\OSPanel\domains\store.loc\vendor\app\Router.php
Код ошибки: 500

Произошла ошибка № 375: 28-08-2019 в 11:30:25
Ошибка: Class 'app\models\Product' not found
Строка: 15
Файл: C:\OSPanel\domains\store.loc\app\controllers\ProductController.php
Код ошибки: 0

Произошла ошибка № 376: 28-08-2019 в 11:30:26
Ошибка: Маршрут не найден
Строка: 73
Файл: C:\OSPanel\domains\store.loc\vendor\app\Router.php
Код ошибки: 500

Произошла ошибка № 377: 28-08-2019 в 11:30:40
Ошибка: Call to a member function fetchAll() on boolean
Строка: 43
Файл: C:\OSPanel\domains\store.loc\vendor\app\Db.php
Код ошибки: 0

Произошла ошибка № 378: 28-08-2019 в 11:30:41
Ошибка: Маршрут не найден
Строка: 73
Файл: C:\OSPanel\domains\store.loc\vendor\app\Router.php
Код ошибки: 500

Произошла ошибка № 379: 28-08-2019 в 11:31:30
Ошибка: Маршрут не найден
Строка: 73
Файл: C:\OSPanel\domains\store.loc\vendor\app\Router.php
Код ошибки: 500

Произошла ошибка № 380: 28-08-2019 в 11:33:21
Ошибка: Маршрут не найден
Строка: 73
Файл: C:\OSPanel\domains\store.loc\vendor\app\Router.php
Код ошибки: 500

Произошла ошибка № 381: 28-08-2019 в 11:48:07
Ошибка: Маршрут не найден
Строка: 73
Файл: C:\OSPanel\domains\store.loc\vendor\app\Router.php
Код ошибки: 500

Произошла ошибка № 382: 28-08-2019 в 11:48:07
Ошибка: Call to undefined method app\models\ProductModel::recalc()
Строка: 88
Файл: C:\OSPanel\domains\store.loc\app\models\ProductModel.php
Код ошибки: 0

Произошла ошибка № 383: 28-08-2019 в 11:48:08
Ошибка: Маршрут не найден
Строка: 73
Файл: C:\OSPanel\domains\store.loc\vendor\app\Router.php
Код ошибки: 500

Произошла ошибка № 384: 28-08-2019 в 11:48:22
Ошибка: syntax error, unexpected 'echo' (T_ECHO)
Строка: 47
Файл: C:\OSPanel\domains\store.loc\app\views\Product\index.php
Код ошибки: 0

Произошла ошибка № 385: 28-08-2019 в 11:48:23
Ошибка: Маршрут не найден
Строка: 73
Файл: C:\OSPanel\domains\store.loc\vendor\app\Router.php
Код ошибки: 500

Произошла ошибка № 386: 28-08-2019 в 11:48:53
Ошибка: Маршрут не найден
Строка: 73
Файл: C:\OSPanel\domains\store.loc\vendor\app\Router.php
Код ошибки: 500

Произошла ошибка № 387: 28-08-2019 в 11:49:23
Ошибка: Маршрут не найден
Строка: 73
Файл: C:\OSPanel\domains\store.loc\vendor\app\Router.php
Код ошибки: 500

Произошла ошибка № 388: 28-08-2019 в 11:49:26
Ошибка: syntax error, unexpected 'echo' (T_ECHO)
Строка: 47
Файл: C:\OSPanel\domains\store.loc\app\views\Product\index.php
Код ошибки: 0

Произошла ошибка № 389: 28-08-2019 в 11:49:26
Ошибка: Маршрут не найден
Строка: 73
Файл: C:\OSPanel\domains\store.loc\vendor\app\Router.php
Код ошибки: 500

Произошла ошибка № 390: 28-08-2019 в 11:49:40
Ошибка: syntax error, unexpected 'echo' (T_ECHO)
Строка: 49
Файл: C:\OSPanel\domains\store.loc\app\views\Product\index.php
Код ошибки: 0

Произошла ошибка № 391: 28-08-2019 в 11:49:40
Ошибка: Маршрут не найден
Строка: 73
Файл: C:\OSPanel\domains\store.loc\vendor\app\Router.php
Код ошибки: 500

Произошла ошибка № 392: 28-08-2019 в 11:50:19
Ошибка: Маршрут не найден
Строка: 73
Файл: C:\OSPanel\domains\store.loc\vendor\app\Router.php
Код ошибки: 500

Произошла ошибка № 393: 28-08-2019 в 11:50:57
Ошибка: Маршрут не найден
Строка: 73
Файл: C:\OSPanel\domains\store.loc\vendor\app\Router.php
Код ошибки: 500

Произошла ошибка № 394: 28-08-2019 в 12:01:26
Ошибка: Маршрут не найден
Строка: 73
Файл: C:\OSPanel\domains\store.loc\vendor\app\Router.php
Код ошибки: 500

Произошла ошибка № 395: 28-08-2019 в 12:29:20
Ошибка: Маршрут не найден
Строка: 73
Файл: C:\OSPanel\domains\store.loc\vendor\app\Router.php
Код ошибки: 500

Произошла ошибка № 396: 28-08-2019 в 12:30:27
Ошибка: Маршрут не найден
Строка: 73
Файл: C:\OSPanel\domains\store.loc\vendor\app\Router.php
Код ошибки: 500

Произошла ошибка № 397: 28-08-2019 в 12:32:08
Ошибка: Маршрут не найден
Строка: 73
Файл: C:\OSPanel\domains\store.loc\vendor\app\Router.php
Код ошибки: 500

Произошла ошибка № 398: 28-08-2019 в 12:32:29
Ошибка: Маршрут не найден
Строка: 73
Файл: C:\OSPanel\domains\store.loc\vendor\app\Router.php
Код ошибки: 500

Произошла ошибка № 399: 28-08-2019 в 12:50:42
Ошибка: Маршрут не найден
Строка: 73
Файл: C:\OSPanel\domains\store.loc\vendor\app\Router.php
Код ошибки: 500

Произошла ошибка № 400: 28-08-2019 в 13:17:41
Ошибка: Маршрут не найден
Строка: 73
Файл: C:\OSPanel\domains\store.loc\vendor\app\Router.php
Код ошибки: 500

Произошла ошибка № 401: 28-08-2019 в 13:22:29
Ошибка: Маршрут не найден
Строка: 73
Файл: C:\OSPanel\domains\store.loc\vendor\app\Router.php
Код ошибки: 500

Произошла ошибка № 402: 28-08-2019 в 13:24:49
Ошибка: Маршрут не найден
Строка: 73
Файл: C:\OSPanel\domains\store.loc\vendor\app\Router.php
Код ошибки: 500

Произошла ошибка № 403: 28-08-2019 в 19:05:05
Ошибка: Маршрут не найден
Строка: 73
Файл: C:\OSPanel\domains\store.loc\vendor\app\Router.php
Код ошибки: 500

Произошла ошибка № 404: 28-08-2019 в 19:07:31
Ошибка: Маршрут не найден
Строка: 73
Файл: C:\OSPanel\domains\store.loc\vendor\app\Router.php
Код ошибки: 500

Произошла ошибка № 405: 28-08-2019 в 20:50:45
Ошибка: Маршрут не найден
Строка: 73
Файл: C:\OSPanel\domains\store.loc\vendor\app\Router.php
Код ошибки: 500

Произошла ошибка № 406: 28-08-2019 в 20:50:57
Ошибка: Маршрут не найден
Строка: 73
Файл: C:\OSPanel\domains\store.loc\vendor\app\Router.php
Код ошибки: 500

Произошла ошибка № 407: 28-08-2019 в 20:55:32
Ошибка: Маршрут не найден
Строка: 73
Файл: C:\OSPanel\domains\store.loc\vendor\app\Router.php
Код ошибки: 500

Произошла ошибка № 408: 29-08-2019 в 11:04:08
Ошибка: Маршрут не найден
Строка: 73
Файл: C:\OSPanel\domains\store.loc\vendor\app\Router.php
Код ошибки: 500

Произошла ошибка № 409: 29-08-2019 в 18:07:08
Ошибка: Маршрут не найден
Строка: 73
Файл: C:\OSPanel\domains\store.loc\vendor\app\Router.php
Код ошибки: 500

Произошла ошибка № 410: 29-08-2019 в 19:03:07
Ошибка: Маршрут не найден
Строка: 73
Файл: C:\OSPanel\domains\store.loc\vendor\app\Router.php
Код ошибки: 500

Произошла ошибка № 411: 29-08-2019 в 19:24:03
Ошибка: Маршрут не найден
Строка: 73
Файл: C:\OSPanel\domains\store.loc\vendor\app\Router.php
Код ошибки: 500

Произошла ошибка № 412: 29-08-2019 в 20:24:00
Ошибка: Маршрут не найден
Строка: 73
Файл: C:\OSPanel\domains\store.loc\vendor\app\Router.php
Код ошибки: 500

Произошла ошибка № 413: 30-08-2019 в 08:51:08
Ошибка: Маршрут не найден
Строка: 73
Файл: C:\OSPanel\domains\store.loc\vendor\app\Router.php
Код ошибки: 500

Произошла ошибка № 414: 30-08-2019 в 09:07:09
Ошибка: Маршрут не найден
Строка: 73
Файл: C:\OSPanel\domains\store.loc\vendor\app\Router.php
Код ошибки: 500

Произошла ошибка № 415: 30-08-2019 в 09:16:19
Ошибка: Маршрут не найден
Строка: 73
Файл: C:\OSPanel\domains\store.loc\vendor\app\Router.php
Код ошибки: 500

Произошла ошибка № 416: 30-08-2019 в 09:18:16
Ошибка: Маршрут не найден
Строка: 73
Файл: C:\OSPanel\domains\store.loc\vendor\app\Router.php
Код ошибки: 500

Произошла ошибка № 417: 30-08-2019 в 09:19:30
Ошибка: Class 'widgets\Category' not found
Строка: 11
Файл: C:\OSPanel\domains\store.loc\app\models\Breadcrumbs.php
Код ошибки: 0

Произошла ошибка № 418: 30-08-2019 в 09:19:31
Ошибка: Маршрут не найден
Строка: 73
Файл: C:\OSPanel\domains\store.loc\vendor\app\Router.php
Код ошибки: 500

Произошла ошибка № 419: 30-08-2019 в 09:19:42
Ошибка: Маршрут не найден
Строка: 73
Файл: C:\OSPanel\domains\store.loc\vendor\app\Router.php
Код ошибки: 500

Произошла ошибка № 420: 30-08-2019 в 09:21:11
Ошибка: Маршрут не найден
Строка: 73
Файл: C:\OSPanel\domains\store.loc\vendor\app\Router.php
Код ошибки: 500

Произошла ошибка № 421: 30-08-2019 в 09:21:17
Ошибка: Маршрут не найден
Строка: 73
Файл: C:\OSPanel\domains\store.loc\vendor\app\Router.php
Код ошибки: 500

Произошла ошибка № 422: 30-08-2019 в 09:22:59
Ошибка: Маршрут не найден
Строка: 73
Файл: C:\OSPanel\domains\store.loc\vendor\app\Router.php
Код ошибки: 500

Произошла ошибка № 423: 30-08-2019 в 09:27:37
Ошибка: Маршрут не найден
Строка: 73
Файл: C:\OSPanel\domains\store.loc\vendor\app\Router.php
Код ошибки: 500

Произошла ошибка № 424: 30-08-2019 в 09:27:58
Ошибка: Маршрут не найден
Строка: 73
Файл: C:\OSPanel\domains\store.loc\vendor\app\Router.php
Код ошибки: 500

Произошла ошибка № 425: 30-08-2019 в 09:28:46
Ошибка: Маршрут не найден
Строка: 73
Файл: C:\OSPanel\domains\store.loc\vendor\app\Router.php
Код ошибки: 500

Произошла ошибка № 426: 30-08-2019 в 09:29:17
Ошибка: Маршрут не найден
Строка: 73
Файл: C:\OSPanel\domains\store.loc\vendor\app\Router.php
Код ошибки: 500

Произошла ошибка № 427: 30-08-2019 в 09:30:58
Ошибка: syntax error, unexpected 'getTree' (T_STRING), expecting variable (T_VARIABLE) or '$'
Строка: 14
Файл: C:\OSPanel\domains\store.loc\app\models\Breadcrumbs.php
Код ошибки: 0

Произошла ошибка № 428: 30-08-2019 в 09:30:59
Ошибка: Маршрут не найден
Строка: 73
Файл: C:\OSPanel\domains\store.loc\vendor\app\Router.php
Код ошибки: 500

Произошла ошибка № 429: 30-08-2019 в 09:31:08
Ошибка: Маршрут не найден
Строка: 73
Файл: C:\OSPanel\domains\store.loc\vendor\app\Router.php
Код ошибки: 500

Произошла ошибка № 430: 30-08-2019 в 09:31:54
Ошибка: Маршрут не найден
Строка: 73
Файл: C:\OSPanel\domains\store.loc\vendor\app\Router.php
Код ошибки: 500

Произошла ошибка № 431: 30-08-2019 в 09:34:57
Ошибка: Маршрут не найден
Строка: 73
Файл: C:\OSPanel\domains\store.loc\vendor\app\Router.php
Код ошибки: 500

Произошла ошибка № 432: 30-08-2019 в 09:41:02
Ошибка: Маршрут не найден
Строка: 73
Файл: C:\OSPanel\domains\store.loc\vendor\app\Router.php
Код ошибки: 500

Произошла ошибка № 433: 30-08-2019 в 09:52:03
Ошибка: Маршрут не найден
Строка: 73
Файл: C:\OSPanel\domains\store.loc\vendor\app\Router.php
Код ошибки: 500

Произошла ошибка № 434: 30-08-2019 в 10:00:47
Ошибка: Call to private method widgets\category\Category::getTree() from context 'app\controllers\IndexController'
Строка: 15
Файл: C:\OSPanel\domains\store.loc\app\controllers\IndexController.php
Код ошибки: 0

Произошла ошибка № 435: 30-08-2019 в 10:00:48
Ошибка: Маршрут не найден
Строка: 73
Файл: C:\OSPanel\domains\store.loc\vendor\app\Router.php
Код ошибки: 500

Произошла ошибка № 436: 30-08-2019 в 10:01:27
Ошибка: Маршрут не найден
Строка: 73
Файл: C:\OSPanel\domains\store.loc\vendor\app\Router.php
Код ошибки: 500

Произошла ошибка № 437: 30-08-2019 в 10:01:29
Ошибка: Маршрут не найден
Строка: 73
Файл: C:\OSPanel\domains\store.loc\vendor\app\Router.php
Код ошибки: 500

Произошла ошибка № 438: 30-08-2019 в 10:01:49
Ошибка: Маршрут не найден
Строка: 73
Файл: C:\OSPanel\domains\store.loc\vendor\app\Router.php
Код ошибки: 500

Произошла ошибка № 439: 30-08-2019 в 10:04:50
Ошибка: Маршрут не найден
Строка: 73
Файл: C:\OSPanel\domains\store.loc\vendor\app\Router.php
Код ошибки: 500

Произошла ошибка № 440: 30-08-2019 в 10:05:01
Ошибка: Маршрут не найден
Строка: 73
Файл: C:\OSPanel\domains\store.loc\vendor\app\Router.php
Код ошибки: 500

Произошла ошибка № 441: 30-08-2019 в 10:06:24
Ошибка: syntax error, unexpected '}'
Строка: 28
Файл: C:\OSPanel\domains\store.loc\app\models\Breadcrumbs.php
Код ошибки: 0

Произошла ошибка № 442: 30-08-2019 в 10:06:24
Ошибка: Маршрут не найден
Строка: 73
Файл: C:\OSPanel\domains\store.loc\vendor\app\Router.php
Код ошибки: 500

Произошла ошибка № 443: 30-08-2019 в 10:06:44
Ошибка: Маршрут не найден
Строка: 73
Файл: C:\OSPanel\domains\store.loc\vendor\app\Router.php
Код ошибки: 500

Произошла ошибка № 444: 30-08-2019 в 10:07:26
Ошибка: Маршрут не найден
Строка: 73
Файл: C:\OSPanel\domains\store.loc\vendor\app\Router.php
Код ошибки: 500

Произошла ошибка № 445: 30-08-2019 в 10:10:32
Ошибка: Маршрут не найден
Строка: 73
Файл: C:\OSPanel\domains\store.loc\vendor\app\Router.php
Код ошибки: 500

Произошла ошибка № 446: 30-08-2019 в 10:10:47
Ошибка: Маршрут не найден
Строка: 73
Файл: C:\OSPanel\domains\store.loc\vendor\app\Router.php
Код ошибки: 500

Произошла ошибка № 447: 30-08-2019 в 10:11:06
Ошибка: Маршрут не найден
Строка: 73
Файл: C:\OSPanel\domains\store.loc\vendor\app\Router.php
Код ошибки: 500

Произошла ошибка № 448: 30-08-2019 в 10:12:30
Ошибка: Маршрут не найден
Строка: 73
Файл: C:\OSPanel\domains\store.loc\vendor\app\Router.php
Код ошибки: 500

Произошла ошибка № 449: 30-08-2019 в 10:13:49
Ошибка: Маршрут не найден
Строка: 73
Файл: C:\OSPanel\domains\store.loc\vendor\app\Router.php
Код ошибки: 500

Произошла ошибка № 450: 30-08-2019 в 10:21:17
Ошибка: Маршрут не найден
Строка: 73
Файл: C:\OSPanel\domains\store.loc\vendor\app\Router.php
Код ошибки: 500

Произошла ошибка № 451: 30-08-2019 в 10:22:28
Ошибка: Маршрут не найден
Строка: 73
Файл: C:\OSPanel\domains\store.loc\vendor\app\Router.php
Код ошибки: 500

Произошла ошибка № 452: 30-08-2019 в 10:27:18
Ошибка: Маршрут не найден
Строка: 73
Файл: C:\OSPanel\domains\store.loc\vendor\app\Router.php
Код ошибки: 500

Произошла ошибка № 453: 30-08-2019 в 10:27:47
Ошибка: Маршрут не найден
Строка: 73
Файл: C:\OSPanel\domains\store.loc\vendor\app\Router.php
Код ошибки: 500

Произошла ошибка № 454: 30-08-2019 в 10:59:48
Ошибка: Маршрут не найден
Строка: 73
Файл: C:\OSPanel\domains\store.loc\vendor\app\Router.php
Код ошибки: 500

Произошла ошибка № 455: 30-08-2019 в 11:00:43
Ошибка: Маршрут не найден
Строка: 73
Файл: C:\OSPanel\domains\store.loc\vendor\app\Router.php
Код ошибки: 500

Произошла ошибка № 456: 30-08-2019 в 11:02:01
Ошибка: Маршрут не найден
Строка: 73
Файл: C:\OSPanel\domains\store.loc\vendor\app\Router.php
Код ошибки: 500

Произошла ошибка № 457: 30-08-2019 в 11:03:06
Ошибка: Маршрут не найден
Строка: 73
Файл: C:\OSPanel\domains\store.loc\vendor\app\Router.php
Код ошибки: 500

Произошла ошибка № 458: 30-08-2019 в 11:03:11
Ошибка: Маршрут не найден
Строка: 73
Файл: C:\OSPanel\domains\store.loc\vendor\app\Router.php
Код ошибки: 500

Произошла ошибка № 459: 30-08-2019 в 11:05:28
Ошибка: Маршрут не найден
Строка: 73
Файл: C:\OSPanel\domains\store.loc\vendor\app\Router.php
Код ошибки: 500

Произошла ошибка № 460: 30-08-2019 в 11:54:59
Ошибка: Маршрут не найден
Строка: 73
Файл: C:\OSPanel\domains\store.loc\vendor\app\Router.php
Код ошибки: 500

Произошла ошибка № 461: 30-08-2019 в 11:57:23
Ошибка: Маршрут не найден
Строка: 73
Файл: C:\OSPanel\domains\store.loc\vendor\app\Router.php
Код ошибки: 500

Произошла ошибка № 462: 30-08-2019 в 11:57:34
Ошибка: Маршрут не найден
Строка: 73
Файл: C:\OSPanel\domains\store.loc\vendor\app\Router.php
Код ошибки: 500

Произошла ошибка № 463: 30-08-2019 в 11:57:41
Ошибка: Маршрут не найден
Строка: 73
Файл: C:\OSPanel\domains\store.loc\vendor\app\Router.php
Код ошибки: 500

Произошла ошибка № 464: 30-08-2019 в 12:02:41
Ошибка: Маршрут не найден
Строка: 73
Файл: C:\OSPanel\domains\store.loc\vendor\app\Router.php
Код ошибки: 500

Произошла ошибка № 465: 30-08-2019 в 12:02:43
Ошибка: Маршрут не найден
Строка: 73
Файл: C:\OSPanel\domains\store.loc\vendor\app\Router.php
Код ошибки: 500

Произошла ошибка № 466: 30-08-2019 в 12:07:01
Ошибка: Маршрут не найден
Строка: 73
Файл: C:\OSPanel\domains\store.loc\vendor\app\Router.php
Код ошибки: 500

Произошла ошибка № 467: 30-08-2019 в 17:57:01
Ошибка: Маршрут не найден
Строка: 73
Файл: C:\OSPanel\domains\store.loc\vendor\app\Router.php
Код ошибки: 500

Произошла ошибка № 468: 30-08-2019 в 17:57:02
Ошибка: Маршрут не найден
Строка: 73
Файл: C:\OSPanel\domains\store.loc\vendor\app\Router.php
Код ошибки: 500

Произошла ошибка № 469: 30-08-2019 в 17:57:19
Ошибка: Маршрут не найден
Строка: 73
Файл: C:\OSPanel\domains\store.loc\vendor\app\Router.php
Код ошибки: 500

Произошла ошибка № 470: 30-08-2019 в 17:58:18
Ошибка: Маршрут не найден
Строка: 73
Файл: C:\OSPanel\domains\store.loc\vendor\app\Router.php
Код ошибки: 500

Произошла ошибка № 471: 30-08-2019 в 17:58:52
Ошибка: Маршрут не найден
Строка: 73
Файл: C:\OSPanel\domains\store.loc\vendor\app\Router.php
Код ошибки: 500

Произошла ошибка № 472: 30-08-2019 в 17:59:12
Ошибка: Маршрут не найден
Строка: 73
Файл: C:\OSPanel\domains\store.loc\vendor\app\Router.php
Код ошибки: 500

Произошла ошибка № 473: 30-08-2019 в 18:00:32
Ошибка: Маршрут не найден
Строка: 73
Файл: C:\OSPanel\domains\store.loc\vendor\app\Router.php
Код ошибки: 500

Произошла ошибка № 474: 30-08-2019 в 18:00:57
Ошибка: Маршрут не найден
Строка: 73
Файл: C:\OSPanel\domains\store.loc\vendor\app\Router.php
Код ошибки: 500

Произошла ошибка № 475: 30-08-2019 в 18:01:31
Ошибка: Маршрут не найден
Строка: 73
Файл: C:\OSPanel\domains\store.loc\vendor\app\Router.php
Код ошибки: 500

Произошла ошибка № 476: 30-08-2019 в 18:01:48
Ошибка: Маршрут не найден
Строка: 73
Файл: C:\OSPanel\domains\store.loc\vendor\app\Router.php
Код ошибки: 500

Произошла ошибка № 477: 30-08-2019 в 20:15:17
Ошибка: Маршрут не найден
Строка: 73
Файл: C:\OSPanel\domains\store.loc\vendor\app\Router.php
Код ошибки: 500

Произошла ошибка № 478: 30-08-2019 в 20:22:02
Ошибка: Маршрут не найден
Строка: 73
Файл: C:\OSPanel\domains\store.loc\vendor\app\Router.php
Код ошибки: 500

Произошла ошибка № 479: 30-08-2019 в 20:23:06
Ошибка: Маршрут не найден
Строка: 73
Файл: C:\OSPanel\domains\store.loc\vendor\app\Router.php
Код ошибки: 500

Произошла ошибка № 480: 30-08-2019 в 20:26:27
Ошибка: Маршрут не найден
Строка: 73
Файл: C:\OSPanel\domains\store.loc\vendor\app\Router.php
Код ошибки: 500

Произошла ошибка № 481: 30-08-2019 в 20:27:12
Ошибка: Маршрут не найден
Строка: 73
Файл: C:\OSPanel\domains\store.loc\vendor\app\Router.php
Код ошибки: 500

Произошла ошибка № 482: 30-08-2019 в 20:27:23
Ошибка: Маршрут не найден
Строка: 73
Файл: C:\OSPanel\domains\store.loc\vendor\app\Router.php
Код ошибки: 500

Произошла ошибка № 483: 30-08-2019 в 20:28:10
Ошибка: Маршрут не найден
Строка: 73
Файл: C:\OSPanel\domains\store.loc\vendor\app\Router.php
Код ошибки: 500

Произошла ошибка № 484: 30-08-2019 в 20:28:26
Ошибка: Маршрут не найден
Строка: 73
Файл: C:\OSPanel\domains\store.loc\vendor\app\Router.php
Код ошибки: 500

Произошла ошибка № 485: 30-08-2019 в 20:28:45
Ошибка: Маршрут не найден
Строка: 73
Файл: C:\OSPanel\domains\store.loc\vendor\app\Router.php
Код ошибки: 500

Произошла ошибка № 486: 30-08-2019 в 20:29:16
Ошибка: Маршрут не найден
Строка: 73
Файл: C:\OSPanel\domains\store.loc\vendor\app\Router.php
Код ошибки: 500

Произошла ошибка № 487: 30-08-2019 в 20:29:17
Ошибка: Маршрут не найден
Строка: 73
Файл: C:\OSPanel\domains\store.loc\vendor\app\Router.php
Код ошибки: 500

Произошла ошибка № 488: 30-08-2019 в 20:29:57
Ошибка: Маршрут не найден
Строка: 73
Файл: C:\OSPanel\domains\store.loc\vendor\app\Router.php
Код ошибки: 500

Произошла ошибка № 489: 30-08-2019 в 20:30:37
Ошибка: Маршрут не найден
Строка: 73
Файл: C:\OSPanel\domains\store.loc\vendor\app\Router.php
Код ошибки: 500

Произошла ошибка № 490: 30-08-2019 в 20:30:58
Ошибка: syntax error, unexpected 'HOST' (T_STRING)
Строка: 46
Файл: C:\OSPanel\domains\store.loc\app\models\Breadcrumbs.php
Код ошибки: 0

Произошла ошибка № 491: 30-08-2019 в 20:30:58
Ошибка: Маршрут не найден
Строка: 73
Файл: C:\OSPanel\domains\store.loc\vendor\app\Router.php
Код ошибки: 500

Произошла ошибка № 492: 31-08-2019 в 09:47:11
Ошибка: Маршрут не найден
Строка: 73
Файл: C:\OSPanel\domains\store.loc\vendor\app\Router.php
Код ошибки: 500

Произошла ошибка № 493: 31-08-2019 в 09:59:22
Ошибка: Маршрут не найден
Строка: 73
Файл: C:\OSPanel\domains\store.loc\vendor\app\Router.php
Код ошибки: 500

Произошла ошибка № 494: 01-09-2019 в 12:18:15
Ошибка: Маршрут не найден
Строка: 73
Файл: C:\OSPanel\domains\store.loc\vendor\app\Router.php
Код ошибки: 500

Произошла ошибка № 495: 01-09-2019 в 12:18:49
Ошибка: Маршрут не найден
Строка: 73
Файл: C:\OSPanel\domains\store.loc\vendor\app\Router.php
Код ошибки: 500

Произошла ошибка № 496: 01-09-2019 в 12:22:28
Ошибка: Маршрут не найден
Строка: 73
Файл: C:\OSPanel\domains\store.loc\vendor\app\Router.php
Код ошибки: 500

Произошла ошибка № 497: 01-09-2019 в 12:25:20
Ошибка: Маршрут не найден
Строка: 73
Файл: C:\OSPanel\domains\store.loc\vendor\app\Router.php
Код ошибки: 500

Произошла ошибка № 498: 01-09-2019 в 12:26:29
Ошибка: Маршрут не найден
Строка: 73
Файл: C:\OSPanel\domains\store.loc\vendor\app\Router.php
Код ошибки: 500

Произошла ошибка № 499: 01-09-2019 в 12:29:16
Ошибка: Маршрут не найден
Строка: 73
Файл: C:\OSPanel\domains\store.loc\vendor\app\Router.php
Код ошибки: 500

