Замечание № 1: 25-07-2019 в 19:48:40
Ошибка: Undefined offset: 5
Строка: 93
Файл: C:\OSPanel\domains\store.loc/tmp/notices.log
Код ошибки: 300

Замечание № 2: 25-07-2019 в 19:50:33
Ошибка: Undefined offset: 5
Строка: 93
Файл: C:\OSPanel\domains\store.loc/tmp/notices.log
Код ошибки: 300

Замечание № 3: 25-07-2019 в 19:55:11
Ошибка: Undefined offset: 5
Строка: 93
Файл: C:\OSPanel\domains\store.loc/tmp/notices.log
Код ошибки: 300

Замечание № 4: 25-07-2019 в 19:55:43
Ошибка: Undefined offset: 5
Строка: 93
Файл: C:\OSPanel\domains\store.loc/tmp/notices.log
Код ошибки: 300

Замечание № 5: 25-07-2019 в 19:56:13
Ошибка: Undefined offset: 5
Строка: 93
Файл: C:\OSPanel\domains\store.loc/tmp/notices.log
Код ошибки: 300

Замечание № 6: 25-07-2019 в 19:56:20
Ошибка: Undefined offset: 5
Строка: 93
Файл: C:\OSPanel\domains\store.loc/tmp/notices.log
Код ошибки: 300

Замечание № 7: 25-07-2019 в 19:56:30
Ошибка: Undefined offset: 5
Строка: 93
Файл: C:\OSPanel\domains\store.loc/tmp/notices.log
Код ошибки: 300

Замечание № 8: 25-07-2019 в 19:56:42
Ошибка: Undefined offset: 5
Строка: 93
Файл: C:\OSPanel\domains\store.loc/tmp/notices.log
Код ошибки: 300

Замечание № 9: 25-07-2019 в 19:59:29
Ошибка: Undefined offset: 5
Строка: 93
Файл: C:\OSPanel\domains\store.loc/tmp/notices.log
Код ошибки: 300

Замечание № 10: 25-07-2019 в 19:59:43
Ошибка: Undefined offset: 5
Строка: 93
Файл: C:\OSPanel\domains\store.loc/tmp/notices.log
Код ошибки: 300

Замечание № 11: 25-07-2019 в 20:00:11
Ошибка: Undefined offset: 5
Строка: 93
Файл: C:\OSPanel\domains\store.loc/tmp/notices.log
Код ошибки: 300

Замечание № 12: 25-07-2019 в 20:01:11
Ошибка: Undefined offset: 5
Строка: 93
Файл: C:\OSPanel\domains\store.loc/tmp/notices.log
Код ошибки: 300

Замечание № 13: 25-07-2019 в 20:01:23
Ошибка: Undefined offset: 5
Строка: 93
Файл: C:\OSPanel\domains\store.loc/tmp/notices.log
Код ошибки: 300

Замечание № 14: 25-07-2019 в 20:04:06
Ошибка: Undefined offset: 5
Строка: 93
Файл: C:\OSPanel\domains\store.loc/tmp/notices.log
Код ошибки: 300

Замечание № 15: 25-07-2019 в 20:08:39
Ошибка: Undefined offset: 5
Строка: 93
Файл: C:\OSPanel\domains\store.loc/tmp/notices.log
Код ошибки: 300

Замечание № 16: 25-07-2019 в 20:09:01
Ошибка: Undefined offset: 5
Строка: 93
Файл: C:\OSPanel\domains\store.loc/tmp/notices.log
Код ошибки: 300

Замечание № 17: 25-07-2019 в 20:11:13
Ошибка: Undefined offset: 5
Строка: 93
Файл: C:\OSPanel\domains\store.loc/tmp/notices.log
Код ошибки: 300

Замечание № 18: 25-07-2019 в 20:11:19
Ошибка: Undefined offset: 5
Строка: 93
Файл: C:\OSPanel\domains\store.loc/tmp/notices.log
Код ошибки: 300

Замечание № 19: 25-07-2019 в 20:12:31
Ошибка: Undefined offset: 5
Строка: 93
Файл: C:\OSPanel\domains\store.loc/tmp/notices.log
Код ошибки: 300

Замечание № 20: 25-07-2019 в 20:13:23
Ошибка: Undefined offset: 5
Строка: 93
Файл: C:\OSPanel\domains\store.loc/tmp/notices.log
Код ошибки: 300

Замечание № 21: 25-07-2019 в 20:14:45
Ошибка: Undefined offset: 5
Строка: 93
Файл: C:\OSPanel\domains\store.loc/tmp/notices.log
Код ошибки: 300

Замечание № 22: 25-07-2019 в 20:15:13
Ошибка: Undefined offset: 5
Строка: 93
Файл: C:\OSPanel\domains\store.loc/tmp/notices.log
Код ошибки: 300

Замечание № 23: 25-07-2019 в 20:15:41
Ошибка: Undefined offset: 5
Строка: 93
Файл: C:\OSPanel\domains\store.loc/tmp/notices.log
Код ошибки: 300

Замечание № 24: 25-07-2019 в 20:16:29
Ошибка: Undefined offset: 5
Строка: 93
Файл: C:\OSPanel\domains\store.loc/tmp/notices.log
Код ошибки: 300

Замечание № 25: 25-07-2019 в 20:17:25
Ошибка: Undefined offset: 5
Строка: 93
Файл: C:\OSPanel\domains\store.loc/tmp/notices.log
Код ошибки: 300

Замечание № 26: 25-07-2019 в 20:18:17
Ошибка: Undefined offset: 5
Строка: 93
Файл: C:\OSPanel\domains\store.loc/tmp/notices.log
Код ошибки: 300

Замечание № 27: 25-07-2019 в 20:19:32
Ошибка: Undefined variable: k
Строка: 80
Файл: C:\OSPanel\domains\store.loc/tmp/notices.log
Код ошибки: 300

Замечание № 28: 25-07-2019 в 20:20:23
Ошибка: Undefined variable: k
Строка: 80
Файл: C:\OSPanel\domains\store.loc/tmp/notices.log
Код ошибки: 300

Замечание № 29: 25-07-2019 в 20:25:43
Ошибка: Undefined variable: l
Строка: 41
Файл: C:\OSPanel\domains\store.loc/tmp/notices.log
Код ошибки: 300

Замечание № 30: 25-07-2019 в 20:25:43
Ошибка: Undefined variable: l
Строка: 41
Файл: C:\OSPanel\domains\store.loc/tmp/notices.log
Код ошибки: 300

Замечание № 31: 25-07-2019 в 20:26:08
Ошибка: Undefined variable: s
Строка: 41
Файл: C:\OSPanel\domains\store.loc/tmp/notices.log
Код ошибки: 300

Замечание № 32: 25-07-2019 в 20:26:09
Ошибка: Undefined variable: s
Строка: 41
Файл: C:\OSPanel\domains\store.loc/tmp/notices.log
Код ошибки: 300

Замечание № 33: 26-07-2019 в 10:44:10
Ошибка: Undefined variable: layout
Строка: 11
Файл: C:\OSPanel\domains\store.loc/tmp/notices.log
Код ошибки: 300

Замечание № 34: 26-07-2019 в 11:26:26
Ошибка: Array to string conversion
Строка: 15
Файл: C:\OSPanel\domains\store.loc/tmp/notices.log
Код ошибки: 300

Замечание № 35: 26-07-2019 в 11:28:03
Ошибка: Constant VIEWS already defined
Строка: 14
Файл: C:\OSPanel\domains\store.loc/tmp/notices.log
Код ошибки: 300

Замечание № 36: 26-07-2019 в 11:28:16
Ошибка: Constant VIEWS already defined
Строка: 14
Файл: C:\OSPanel\domains\store.loc/tmp/notices.log
Код ошибки: 300

Замечание № 37: 26-07-2019 в 11:28:29
Ошибка: Constant VIEWS already defined
Строка: 14
Файл: C:\OSPanel\domains\store.loc/tmp/notices.log
Код ошибки: 300

Замечание № 38: 26-07-2019 в 11:29:14
Ошибка: Constant VIEWS already defined
Строка: 14
Файл: C:\OSPanel\domains\store.loc/tmp/notices.log
Код ошибки: 300

Замечание № 39: 26-07-2019 в 11:49:29
Ошибка: Undefined variable: view
Строка: 12
Файл: C:\OSPanel\domains\store.loc/tmp/notices.log
Код ошибки: 300

Замечание № 40: 26-07-2019 в 12:41:17
Ошибка: Undefined variable: name
Строка: 1
Файл: C:\OSPanel\domains\store.loc/tmp/notices.log
Код ошибки: 300

Замечание № 41: 26-07-2019 в 12:42:03
Ошибка: Undefined variable: name
Строка: 1
Файл: C:\OSPanel\domains\store.loc/tmp/notices.log
Код ошибки: 300

Замечание № 42: 27-07-2019 в 11:13:15
Ошибка: Undefined variable: name
Строка: 1
Файл: C:\OSPanel\domains\store.loc/tmp/notices.log
Код ошибки: 300

